0.3732 	WARNING 	We strongly recommend you activate the PTB sound engine in PsychoPy prefs as the preferred audio engine. Its timing is vastly superior. Your prefs are currently set to use ['sounddevice', 'PTB', 'pyo', 'pygame'] (in that order).
3.2595 	WARNING 	User requested fullscreen with size [1024  768], but screen is actually [1920, 1080]. Using actual size
4.9824 	EXP 	Created window1 = Window(allowGUI=False, allowStencil=False, args=UNKNOWN, autoLog=True, bitsMode=UNKNOWN, blendMode='avg', bpc=(8, 8, 8), color=array([0., 0., 0.]), colorSpace='rgb', depthBits=8, fullscr=<method-wrapper '__getattribute__' of attributeSetter object at 0x7f4b1636e3a0>, gamma=None, gammaErrorPolicy='raise', kwargs=UNKNOWN, lms=UNKNOWN, monitor=<psychopy.monitors.calibTools.Monitor object at 0x7f4b17c26790>, multiSample=False, name='window1', numSamples=2, pos=[0.0, 0.0], screen=0, size=array([1920, 1080]), stencilBits=0, stereo=False, units='height', useFBO=True, useRetina=False, viewOri=0.0, viewPos=None, viewScale=None, waitBlanking=True, winType='pyglet')
4.9827 	EXP 	window1: mouseVisible = True
4.9828 	EXP 	window1: recordFrameIntervals = False
5.1481 	EXP 	window1: recordFrameIntervals = True
5.8481 	EXP 	window1: recordFrameIntervals = False
5.9429 	EXP 	Created introtext = TextStim(__class__=<class 'psychopy.visual.text.TextStim'>, alignHoriz=method-wrapper(...), alignText='center', alignVert=method-wrapper(...), anchorHoriz='center', anchorVert='center', antialias=True, autoLog=True, bold=False, color='black', colorSpace='named', contrast=1.0, depth=0.0, flipHoriz=False, flipVert=False, font='Arial', fontFiles=[], height=0.05, italic=False, languageStyle='LTR', name='introtext', opacity=1.0, ori=0, pos=array([0., 0.]), rgb=array([0., 0., 0.]), text=str(...), units='height', win=Window(...), wrapWidth=1)
5.9835 	EXP 	Created tree1_18 = ImageStim(__class__=<class 'psychopy.visual.image.ImageStim'>, autoLog=True, color=array([1., 1., 1.]), colorSpace='rgb', contrast=1.0, depth=0.0, flipHoriz=False, flipVert=False, image='images/tree.png', interpolate=True, mask=None, maskParams=None, name='tree1_18', opacity=1.0, ori=0.0, pos=array([0., 0.]), size=array([0.2, 0.2]), texRes=128, units='height', win=Window(...))
5.9952 	EXP 	Created tree2_18 = ImageStim(__class__=<class 'psychopy.visual.image.ImageStim'>, autoLog=True, color=array([1., 1., 1.]), colorSpace='rgb', contrast=1.0, depth=-1.0, flipHoriz=False, flipVert=False, image='images/tree.png', interpolate=True, mask=None, maskParams=None, name='tree2_18', opacity=1.0, ori=0.0, pos=array([0., 0.]), size=array([0.2, 0.2]), texRes=128, units='height', win=Window(...))
6.0019 	EXP 	Created tree3_18 = ImageStim(__class__=<class 'psychopy.visual.image.ImageStim'>, autoLog=True, color=array([1., 1., 1.]), colorSpace='rgb', contrast=1.0, depth=-2.0, flipHoriz=False, flipVert=False, image='images/tree.png', interpolate=True, mask=None, maskParams=None, name='tree3_18', opacity=1.0, ori=0.0, pos=array([0., 0.]), size=array([0.2, 0.2]), texRes=128, units='height', win=Window(...))
6.0074 	EXP 	Created tree4_18 = ImageStim(__class__=<class 'psychopy.visual.image.ImageStim'>, autoLog=True, color=array([1., 1., 1.]), colorSpace='rgb', contrast=1.0, depth=-3.0, flipHoriz=False, flipVert=False, image='images/tree.png', interpolate=True, mask=None, maskParams=None, name='tree4_18', opacity=1.0, ori=0.0, pos=array([0., 0.]), size=array([0.2, 0.2]), texRes=128, units='height', win=Window(...))
6.0308 	EXP 	Created circle1 = ImageStim(__class__=<class 'psychopy.visual.image.ImageStim'>, autoLog=True, color=array([1., 1., 1.]), colorSpace='rgb', contrast=1.0, depth=-4.0, flipHoriz=False, flipVert=False, image='images/hollow.png', interpolate=True, mask=None, maskParams=None, name='circle1', opacity=1.0, ori=0.0, pos=array([ 0. , -0.2]), size=array([0.2, 0.2]), texRes=128, units='height', win=Window(...))
6.0417 	EXP 	Created wait_7 = TextStim(__class__=<class 'psychopy.visual.text.TextStim'>, alignHoriz=method-wrapper(...), alignText='center', alignVert=method-wrapper(...), anchorHoriz='center', anchorVert='center', antialias=True, autoLog=True, bold=False, color='black', colorSpace='named', contrast=1.0, depth=-5.0, flipHoriz=False, flipVert=False, font='Arial', fontFiles=[], height=0.02, italic=False, languageStyle='LTR', name='wait_7', opacity=1.0, ori=0, pos=array([-0.6 , -0.08]), rgb=array([0., 0., 0.]), text='default text', units='height', win=Window(...), wrapWidth=1)
6.0560 	EXP 	Created forward_11 = ImageStim(__class__=<class 'psychopy.visual.image.ImageStim'>, autoLog=True, color=array([1., 1., 1.]), colorSpace='rgb', contrast=1.0, depth=-6.0, flipHoriz=False, flipVert=False, image='images/arrow.png', interpolate=True, mask=None, maskParams=None, name='forward_11', opacity=1.0, ori=0.0, pos=array([ 0.5, -0.2]), size=array([0.1, 0.1]), texRes=128, units='height', win=Window(...))
6.0739 	EXP 	Created squaree_3 = ImageStim(__class__=<class 'psychopy.visual.image.ImageStim'>, autoLog=True, color=array([1., 1., 1.]), colorSpace='rgb', contrast=1.0, depth=-7.0, flipHoriz=False, flipVert=False, image='images/square.png', interpolate=True, mask=None, maskParams=None, name='squaree_3', opacity=1.0, ori=0.0, pos=array([ 0.5, -0.2]), size=array([0.15, 0.15]), texRes=128, units='height', win=Window(...))
6.0740 	EXP 	window1: mouseVisible = True
6.0777 	EXP 	Created tree1_12 = ImageStim(__class__=<class 'psychopy.visual.image.ImageStim'>, autoLog=True, color=array([1., 1., 1.]), colorSpace='rgb', contrast=1.0, depth=0.0, flipHoriz=False, flipVert=False, image='images/tree.png', interpolate=True, mask=None, maskParams=None, name='tree1_12', opacity=1.0, ori=0.0, pos=array([0., 0.]), size=array([0.2, 0.2]), texRes=128, units='height', win=Window(...))
6.0812 	EXP 	Created tree2_12 = ImageStim(__class__=<class 'psychopy.visual.image.ImageStim'>, autoLog=True, color=array([1., 1., 1.]), colorSpace='rgb', contrast=1.0, depth=-1.0, flipHoriz=False, flipVert=False, image='images/tree.png', interpolate=True, mask=None, maskParams=None, name='tree2_12', opacity=1.0, ori=0.0, pos=array([0., 0.]), size=array([0.2, 0.2]), texRes=128, units='height', win=Window(...))
6.0847 	EXP 	Created tree3_12 = ImageStim(__class__=<class 'psychopy.visual.image.ImageStim'>, autoLog=True, color=array([1., 1., 1.]), colorSpace='rgb', contrast=1.0, depth=-2.0, flipHoriz=False, flipVert=False, image='images/tree.png', interpolate=True, mask=None, maskParams=None, name='tree3_12', opacity=1.0, ori=0.0, pos=array([0., 0.]), size=array([0.2, 0.2]), texRes=128, units='height', win=Window(...))
6.0887 	EXP 	Created tree4_12 = ImageStim(__class__=<class 'psychopy.visual.image.ImageStim'>, autoLog=True, color=array([1., 1., 1.]), colorSpace='rgb', contrast=1.0, depth=-3.0, flipHoriz=False, flipVert=False, image='images/tree.png', interpolate=True, mask=None, maskParams=None, name='tree4_12', opacity=1.0, ori=0.0, pos=array([0., 0.]), size=array([0.2, 0.2]), texRes=128, units='height', win=Window(...))
6.1093 	EXP 	Created circle2 = ImageStim(__class__=<class 'psychopy.visual.image.ImageStim'>, autoLog=True, color=array([1., 1., 1.]), colorSpace='rgb', contrast=1.0, depth=-4.0, flipHoriz=False, flipVert=False, image='images/hollow.png', interpolate=True, mask=None, maskParams=None, name='circle2', opacity=1.0, ori=0.0, pos=array([ 0. , -0.2]), size=array([0.2, 0.2]), texRes=128, units='height', win=Window(...))
6.1124 	EXP 	Created wait_3 = TextStim(__class__=<class 'psychopy.visual.text.TextStim'>, alignHoriz=method-wrapper(...), alignText='center', alignVert=method-wrapper(...), anchorHoriz='center', anchorVert='center', antialias=True, autoLog=True, bold=False, color='black', colorSpace='named', contrast=1.0, depth=-5.0, flipHoriz=False, flipVert=False, font='Arial', fontFiles=[], height=0.02, italic=False, languageStyle='LTR', name='wait_3', opacity=1.0, ori=0, pos=array([-0.6 , -0.08]), rgb=array([0., 0., 0.]), text='default text', units='height', win=Window(...), wrapWidth=1)
6.1188 	EXP 	Created forward_2 = ImageStim(__class__=<class 'psychopy.visual.image.ImageStim'>, autoLog=True, color=array([1., 1., 1.]), colorSpace='rgb', contrast=1.0, depth=-6.0, flipHoriz=False, flipVert=False, image='images/arrow.png', interpolate=True, mask=None, maskParams=None, name='forward_2', opacity=1.0, ori=0.0, pos=array([ 0.5, -0.2]), size=array([0.1, 0.1]), texRes=128, units='height', win=Window(...))
6.1273 	EXP 	Created squaree_2 = ImageStim(__class__=<class 'psychopy.visual.image.ImageStim'>, autoLog=True, color=array([1., 1., 1.]), colorSpace='rgb', contrast=1.0, depth=-7.0, flipHoriz=False, flipVert=False, image='images/square.png', interpolate=True, mask=None, maskParams=None, name='squaree_2', opacity=1.0, ori=0.0, pos=array([ 0.5, -0.2]), size=array([0.15, 0.15]), texRes=128, units='height', win=Window(...))
6.1618 	EXP 	Created gcircle = ImageStim(__class__=<class 'psychopy.visual.image.ImageStim'>, autoLog=True, color=array([1., 1., 1.]), colorSpace='rgb', contrast=1.0, depth=-8.0, flipHoriz=False, flipVert=False, image='images/gcircle.png', interpolate=True, mask=None, maskParams=None, name='gcircle', opacity=1.0, ori=0.0, pos=array([ 0. , -0.2]), size=array([0.15, 0.15]), texRes=128, units='height', win=Window(...))
6.1658 	EXP 	Created tree1_4 = ImageStim(__class__=<class 'psychopy.visual.image.ImageStim'>, autoLog=True, color=array([1., 1., 1.]), colorSpace='rgb', contrast=1.0, depth=0.0, flipHoriz=False, flipVert=False, image='images/tree.png', interpolate=True, mask=None, maskParams=None, name='tree1_4', opacity=1.0, ori=0.0, pos=array([0., 0.]), size=array([0.2, 0.2]), texRes=128, units='height', win=Window(...))
6.1694 	EXP 	Created tree2_4 = ImageStim(__class__=<class 'psychopy.visual.image.ImageStim'>, autoLog=True, color=array([1., 1., 1.]), colorSpace='rgb', contrast=1.0, depth=-1.0, flipHoriz=False, flipVert=False, image='images/tree.png', interpolate=True, mask=None, maskParams=None, name='tree2_4', opacity=1.0, ori=0.0, pos=array([0., 0.]), size=array([0.2, 0.2]), texRes=128, units='height', win=Window(...))
6.1741 	EXP 	Created tree3_4 = ImageStim(__class__=<class 'psychopy.visual.image.ImageStim'>, autoLog=True, color=array([1., 1., 1.]), colorSpace='rgb', contrast=1.0, depth=-2.0, flipHoriz=False, flipVert=False, image='images/tree.png', interpolate=True, mask=None, maskParams=None, name='tree3_4', opacity=1.0, ori=0.0, pos=array([0., 0.]), size=array([0.2, 0.2]), texRes=128, units='height', win=Window(...))
6.1789 	EXP 	Created tree4_4 = ImageStim(__class__=<class 'psychopy.visual.image.ImageStim'>, autoLog=True, color=array([1., 1., 1.]), colorSpace='rgb', contrast=1.0, depth=-3.0, flipHoriz=False, flipVert=False, image='images/tree.png', interpolate=True, mask=None, maskParams=None, name='tree4_4', opacity=1.0, ori=0.0, pos=array([0., 0.]), size=array([0.2, 0.2]), texRes=128, units='height', win=Window(...))
6.1972 	EXP 	Created circle3 = ImageStim(__class__=<class 'psychopy.visual.image.ImageStim'>, autoLog=True, color=array([1., 1., 1.]), colorSpace='rgb', contrast=1.0, depth=-4.0, flipHoriz=False, flipVert=False, image='images/hollow.png', interpolate=True, mask=None, maskParams=None, name='circle3', opacity=1.0, ori=0.0, pos=array([ 0. , -0.2]), size=array([0.2, 0.2]), texRes=128, units='height', win=Window(...))
6.1992 	EXP 	Created reward_2 = TextStim(__class__=<class 'psychopy.visual.text.TextStim'>, alignHoriz=method-wrapper(...), alignText='center', alignVert=method-wrapper(...), anchorHoriz='center', anchorVert='center', antialias=True, autoLog=True, bold=False, color='green', colorSpace='named', contrast=1.0, depth=-5.0, flipHoriz=False, flipVert=False, font='Arial', fontFiles=[], height=0.05, italic=False, languageStyle='LTR', name='reward_2', opacity=1.0, ori=0, pos=array([-0.6 , -0.08]), rgb=array([  0., 128.,   0.]), text='default text', units='height', win=Window(...), wrapWidth=1)
6.1992 	EXP 	window1: mouseVisible = True
6.2040 	EXP 	Created forward = ImageStim(__class__=<class 'psychopy.visual.image.ImageStim'>, autoLog=True, color=array([1., 1., 1.]), colorSpace='rgb', contrast=1.0, depth=-7.0, flipHoriz=False, flipVert=False, image='images/arrow.png', interpolate=True, mask=None, maskParams=None, name='forward', opacity=1.0, ori=0.0, pos=array([ 0.5, -0.2]), size=array([0.1, 0.1]), texRes=128, units='height', win=Window(...))
6.2043 	EXP 	window1: mouseVisible = True
6.2306 	EXP 	Created gcircle_2 = ImageStim(__class__=<class 'psychopy.visual.image.ImageStim'>, autoLog=True, color=array([1., 1., 1.]), colorSpace='rgb', contrast=1.0, depth=-10.0, flipHoriz=False, flipVert=False, image='images/gcircle.png', interpolate=True, mask=None, maskParams=None, name='gcircle_2', opacity=1.0, ori=0.0, pos=array([ 0. , -0.2]), size=array([0.12, 0.12]), texRes=128, units='height', win=Window(...))
6.2367 	EXP 	Created skipsq = ImageStim(__class__=<class 'psychopy.visual.image.ImageStim'>, autoLog=True, color=array([1., 1., 1.]), colorSpace='rgb', contrast=1.0, depth=-11.0, flipHoriz=False, flipVert=False, image='images/square.png', interpolate=True, mask=None, maskParams=None, name='skipsq', opacity=1.0, ori=0.0, pos=array([ 0.5, -0.2]), size=array([0.15, 0.15]), texRes=128, units='height', win=Window(...))
6.2406 	EXP 	Created tree1_19 = ImageStim(__class__=<class 'psychopy.visual.image.ImageStim'>, autoLog=True, color=array([1., 1., 1.]), colorSpace='rgb', contrast=1.0, depth=-1.0, flipHoriz=False, flipVert=False, image='images/tree.png', interpolate=True, mask=None, maskParams=None, name='tree1_19', opacity=1.0, ori=0.0, pos=array([0., 0.]), size=array([0.2, 0.2]), texRes=128, units='height', win=Window(...))
6.2447 	EXP 	Created tree2_19 = ImageStim(__class__=<class 'psychopy.visual.image.ImageStim'>, autoLog=True, color=array([1., 1., 1.]), colorSpace='rgb', contrast=1.0, depth=-2.0, flipHoriz=False, flipVert=False, image='images/tree.png', interpolate=True, mask=None, maskParams=None, name='tree2_19', opacity=1.0, ori=0.0, pos=array([0., 0.]), size=array([0.2, 0.2]), texRes=128, units='height', win=Window(...))
6.2490 	EXP 	Created tree3_19 = ImageStim(__class__=<class 'psychopy.visual.image.ImageStim'>, autoLog=True, color=array([1., 1., 1.]), colorSpace='rgb', contrast=1.0, depth=-3.0, flipHoriz=False, flipVert=False, image='images/tree.png', interpolate=True, mask=None, maskParams=None, name='tree3_19', opacity=1.0, ori=0.0, pos=array([0., 0.]), size=array([0.2, 0.2]), texRes=128, units='height', win=Window(...))
6.2538 	EXP 	Created tree4_19 = ImageStim(__class__=<class 'psychopy.visual.image.ImageStim'>, autoLog=True, color=array([1., 1., 1.]), colorSpace='rgb', contrast=1.0, depth=-4.0, flipHoriz=False, flipVert=False, image='images/tree.png', interpolate=True, mask=None, maskParams=None, name='tree4_19', opacity=1.0, ori=0.0, pos=array([0., 0.]), size=array([0.2, 0.2]), texRes=128, units='height', win=Window(...))
6.2710 	EXP 	Created circle4 = ImageStim(__class__=<class 'psychopy.visual.image.ImageStim'>, autoLog=True, color=array([1., 1., 1.]), colorSpace='rgb', contrast=1.0, depth=-5.0, flipHoriz=False, flipVert=False, image='images/hollow.png', interpolate=True, mask=None, maskParams=None, name='circle4', opacity=1.0, ori=0.0, pos=array([ 0. , -0.2]), size=array([0.2, 0.2]), texRes=128, units='height', win=Window(...))
6.2733 	EXP 	Created wait_8 = TextStim(__class__=<class 'psychopy.visual.text.TextStim'>, alignHoriz=method-wrapper(...), alignText='center', alignVert=method-wrapper(...), anchorHoriz='center', anchorVert='center', antialias=True, autoLog=True, bold=False, color='black', colorSpace='named', contrast=1.0, depth=-6.0, flipHoriz=False, flipVert=False, font='Arial', fontFiles=[], height=0.02, italic=False, languageStyle='LTR', name='wait_8', opacity=1.0, ori=0, pos=array([ 0.  , -0.08]), rgb=array([0., 0., 0.]), text='default text', units='height', win=Window(...), wrapWidth=1)
6.2786 	EXP 	Created forward_12 = ImageStim(__class__=<class 'psychopy.visual.image.ImageStim'>, autoLog=True, color=array([1., 1., 1.]), colorSpace='rgb', contrast=1.0, depth=-7.0, flipHoriz=False, flipVert=False, image='images/arrow.png', interpolate=True, mask=None, maskParams=None, name='forward_12', opacity=1.0, ori=0.0, pos=array([ 0.5, -0.2]), size=array([0.1, 0.1]), texRes=128, units='height', win=Window(...))
6.2837 	EXP 	Created squaree_4 = ImageStim(__class__=<class 'psychopy.visual.image.ImageStim'>, autoLog=True, color=array([1., 1., 1.]), colorSpace='rgb', contrast=1.0, depth=-8.0, flipHoriz=False, flipVert=False, image='images/square.png', interpolate=True, mask=None, maskParams=None, name='squaree_4', opacity=1.0, ori=0.0, pos=array([ 0.5, -0.2]), size=array([0.15, 0.15]), texRes=128, units='height', win=Window(...))
6.3090 	EXP 	Created gcircle_3 = ImageStim(__class__=<class 'psychopy.visual.image.ImageStim'>, autoLog=True, color=array([1., 1., 1.]), colorSpace='rgb', contrast=1.0, depth=-9.0, flipHoriz=False, flipVert=False, image='images/gcircle.png', interpolate=True, mask=None, maskParams=None, name='gcircle_3', opacity=1.0, ori=0.0, pos=array([ 0. , -0.2]), size=array([0.15, 0.15]), texRes=128, units='height', win=Window(...))
6.3121 	EXP 	Created reward_7 = TextStim(__class__=<class 'psychopy.visual.text.TextStim'>, alignHoriz=method-wrapper(...), alignText='center', alignVert=method-wrapper(...), anchorHoriz='center', anchorVert='center', antialias=True, autoLog=True, bold=False, color='green', colorSpace='named', contrast=1.0, depth=-10.0, flipHoriz=False, flipVert=False, font='Arial', fontFiles=[], height=0.05, italic=False, languageStyle='LTR', name='reward_7', opacity=1.0, ori=0, pos=array([-0.6 , -0.08]), rgb=array([  0., 128.,   0.]), text='default text', units='height', win=Window(...), wrapWidth=1)
6.3404 	EXP 	Created gcircle_4 = ImageStim(__class__=<class 'psychopy.visual.image.ImageStim'>, autoLog=True, color=array([1., 1., 1.]), colorSpace='rgb', contrast=1.0, depth=-11.0, flipHoriz=False, flipVert=False, image='images/gcircle.png', interpolate=True, mask=None, maskParams=None, name='gcircle_4', opacity=1.0, ori=0.0, pos=array([ 0. , -0.2]), size=array([0.12, 0.12]), texRes=128, units='height', win=Window(...))
6.3450 	EXP 	Created tree1_6 = ImageStim(__class__=<class 'psychopy.visual.image.ImageStim'>, autoLog=True, color=array([1., 1., 1.]), colorSpace='rgb', contrast=1.0, depth=0.0, flipHoriz=False, flipVert=False, image='images/tree.png', interpolate=True, mask=None, maskParams=None, name='tree1_6', opacity=1.0, ori=0.0, pos=array([0., 0.]), size=array([0.2, 0.2]), texRes=128, units='height', win=Window(...))
6.3488 	EXP 	Created tree2_6 = ImageStim(__class__=<class 'psychopy.visual.image.ImageStim'>, autoLog=True, color=array([1., 1., 1.]), colorSpace='rgb', contrast=1.0, depth=-1.0, flipHoriz=False, flipVert=False, image='images/tree.png', interpolate=True, mask=None, maskParams=None, name='tree2_6', opacity=1.0, ori=0.0, pos=array([0., 0.]), size=array([0.2, 0.2]), texRes=128, units='height', win=Window(...))
6.3525 	EXP 	Created tree3_6 = ImageStim(__class__=<class 'psychopy.visual.image.ImageStim'>, autoLog=True, color=array([1., 1., 1.]), colorSpace='rgb', contrast=1.0, depth=-2.0, flipHoriz=False, flipVert=False, image='images/tree.png', interpolate=True, mask=None, maskParams=None, name='tree3_6', opacity=1.0, ori=0.0, pos=array([0., 0.]), size=array([0.2, 0.2]), texRes=128, units='height', win=Window(...))
6.3563 	EXP 	Created tree4_6 = ImageStim(__class__=<class 'psychopy.visual.image.ImageStim'>, autoLog=True, color=array([1., 1., 1.]), colorSpace='rgb', contrast=1.0, depth=-3.0, flipHoriz=False, flipVert=False, image='images/tree.png', interpolate=True, mask=None, maskParams=None, name='tree4_6', opacity=1.0, ori=0.0, pos=array([0., 0.]), size=array([0.2, 0.2]), texRes=128, units='height', win=Window(...))
6.3746 	EXP 	Created circle5 = ImageStim(__class__=<class 'psychopy.visual.image.ImageStim'>, autoLog=True, color=array([1., 1., 1.]), colorSpace='rgb', contrast=1.0, depth=-4.0, flipHoriz=False, flipVert=False, image='images/hollow.png', interpolate=True, mask=None, maskParams=None, name='circle5', opacity=1.0, ori=0.0, pos=array([ 0. , -0.2]), size=array([0.2, 0.2]), texRes=128, units='height', win=Window(...))
6.3795 	EXP 	Created tree1_20 = ImageStim(__class__=<class 'psychopy.visual.image.ImageStim'>, autoLog=True, color=array([1., 1., 1.]), colorSpace='rgb', contrast=1.0, depth=0.0, flipHoriz=False, flipVert=False, image='images/tree.png', interpolate=True, mask=None, maskParams=None, name='tree1_20', opacity=1.0, ori=0.0, pos=array([0., 0.]), size=array([0.2, 0.2]), texRes=128, units='height', win=Window(...))
6.3838 	EXP 	Created tree2_20 = ImageStim(__class__=<class 'psychopy.visual.image.ImageStim'>, autoLog=True, color=array([1., 1., 1.]), colorSpace='rgb', contrast=1.0, depth=-1.0, flipHoriz=False, flipVert=False, image='images/tree.png', interpolate=True, mask=None, maskParams=None, name='tree2_20', opacity=1.0, ori=0.0, pos=array([0., 0.]), size=array([0.2, 0.2]), texRes=128, units='height', win=Window(...))
6.3876 	EXP 	Created tree3_20 = ImageStim(__class__=<class 'psychopy.visual.image.ImageStim'>, autoLog=True, color=array([1., 1., 1.]), colorSpace='rgb', contrast=1.0, depth=-2.0, flipHoriz=False, flipVert=False, image='images/tree.png', interpolate=True, mask=None, maskParams=None, name='tree3_20', opacity=1.0, ori=0.0, pos=array([0., 0.]), size=array([0.2, 0.2]), texRes=128, units='height', win=Window(...))
6.3925 	EXP 	Created tree4_20 = ImageStim(__class__=<class 'psychopy.visual.image.ImageStim'>, autoLog=True, color=array([1., 1., 1.]), colorSpace='rgb', contrast=1.0, depth=-3.0, flipHoriz=False, flipVert=False, image='images/tree.png', interpolate=True, mask=None, maskParams=None, name='tree4_20', opacity=1.0, ori=0.0, pos=array([0., 0.]), size=array([0.2, 0.2]), texRes=128, units='height', win=Window(...))
6.4081 	EXP 	Created circle = ImageStim(__class__=<class 'psychopy.visual.image.ImageStim'>, autoLog=True, color=array([1., 1., 1.]), colorSpace='rgb', contrast=1.0, depth=-4.0, flipHoriz=False, flipVert=False, image='images/hollow.png', interpolate=True, mask=None, maskParams=None, name='circle', opacity=1.0, ori=0.0, pos=array([ 0. , -0.2]), size=array([0.2, 0.2]), texRes=128, units='height', win=Window(...))
6.4138 	EXP 	Created forward_13 = ImageStim(__class__=<class 'psychopy.visual.image.ImageStim'>, autoLog=True, color=array([1., 1., 1.]), colorSpace='rgb', contrast=1.0, depth=-5.0, flipHoriz=False, flipVert=False, image='images/arrow.png', interpolate=True, mask=None, maskParams=None, name='forward_13', opacity=1.0, ori=0.0, pos=array([-0.5, -0.2]), size=array([0.1, 0.1]), texRes=128, units='height', win=Window(...))
6.4139 	EXP 	window1: mouseVisible = True
6.4186 	EXP 	Created tree1_13 = ImageStim(__class__=<class 'psychopy.visual.image.ImageStim'>, autoLog=True, color=array([1., 1., 1.]), colorSpace='rgb', contrast=1.0, depth=0.0, flipHoriz=False, flipVert=False, image='images/tree.png', interpolate=True, mask=None, maskParams=None, name='tree1_13', opacity=1.0, ori=0.0, pos=array([0., 0.]), size=array([0.2, 0.2]), texRes=128, units='height', win=Window(...))
6.4247 	EXP 	Created tree2_13 = ImageStim(__class__=<class 'psychopy.visual.image.ImageStim'>, autoLog=True, color=array([1., 1., 1.]), colorSpace='rgb', contrast=1.0, depth=-1.0, flipHoriz=False, flipVert=False, image='images/tree.png', interpolate=True, mask=None, maskParams=None, name='tree2_13', opacity=1.0, ori=0.0, pos=array([0., 0.]), size=array([0.2, 0.2]), texRes=128, units='height', win=Window(...))
6.4287 	EXP 	Created tree3_13 = ImageStim(__class__=<class 'psychopy.visual.image.ImageStim'>, autoLog=True, color=array([1., 1., 1.]), colorSpace='rgb', contrast=1.0, depth=-2.0, flipHoriz=False, flipVert=False, image='images/tree.png', interpolate=True, mask=None, maskParams=None, name='tree3_13', opacity=1.0, ori=0.0, pos=array([0., 0.]), size=array([0.2, 0.2]), texRes=128, units='height', win=Window(...))
6.4327 	EXP 	Created tree4_13 = ImageStim(__class__=<class 'psychopy.visual.image.ImageStim'>, autoLog=True, color=array([1., 1., 1.]), colorSpace='rgb', contrast=1.0, depth=-3.0, flipHoriz=False, flipVert=False, image='images/tree.png', interpolate=True, mask=None, maskParams=None, name='tree4_13', opacity=1.0, ori=0.0, pos=array([0., 0.]), size=array([0.2, 0.2]), texRes=128, units='height', win=Window(...))
6.4493 	EXP 	Created circle6 = ImageStim(__class__=<class 'psychopy.visual.image.ImageStim'>, autoLog=True, color=array([1., 1., 1.]), colorSpace='rgb', contrast=1.0, depth=-4.0, flipHoriz=False, flipVert=False, image='images/hollow.png', interpolate=True, mask=None, maskParams=None, name='circle6', opacity=1.0, ori=0.0, pos=array([ 0. , -0.2]), size=array([0.2, 0.2]), texRes=128, units='height', win=Window(...))
6.4516 	EXP 	Created wait = TextStim(__class__=<class 'psychopy.visual.text.TextStim'>, alignHoriz=method-wrapper(...), alignText='center', alignVert=method-wrapper(...), anchorHoriz='center', anchorVert='center', antialias=True, autoLog=True, bold=False, color='black', colorSpace='named', contrast=1.0, depth=-5.0, flipHoriz=False, flipVert=False, font='Arial', fontFiles=[], height=0.02, italic=False, languageStyle='LTR', name='wait', opacity=1.0, ori=0, pos=array([ 0.6 , -0.08]), rgb=array([0., 0., 0.]), text='default text', units='height', win=Window(...), wrapWidth=1)
6.4590 	EXP 	Created forward_3 = ImageStim(__class__=<class 'psychopy.visual.image.ImageStim'>, autoLog=True, color=array([1., 1., 1.]), colorSpace='rgb', contrast=1.0, depth=-6.0, flipHoriz=False, flipVert=False, image='images/arrow.png', interpolate=True, mask=None, maskParams=None, name='forward_3', opacity=1.0, ori=0.0, pos=array([-0.5, -0.2]), size=array([0.1, 0.1]), texRes=128, units='height', win=Window(...))
6.4636 	EXP 	Created tree1_5 = ImageStim(__class__=<class 'psychopy.visual.image.ImageStim'>, autoLog=True, color=array([1., 1., 1.]), colorSpace='rgb', contrast=1.0, depth=0.0, flipHoriz=False, flipVert=False, image='images/tree.png', interpolate=True, mask=None, maskParams=None, name='tree1_5', opacity=1.0, ori=0.0, pos=array([0., 0.]), size=array([0.2, 0.2]), texRes=128, units='height', win=Window(...))
6.4680 	EXP 	Created tree2_5 = ImageStim(__class__=<class 'psychopy.visual.image.ImageStim'>, autoLog=True, color=array([1., 1., 1.]), colorSpace='rgb', contrast=1.0, depth=-1.0, flipHoriz=False, flipVert=False, image='images/tree.png', interpolate=True, mask=None, maskParams=None, name='tree2_5', opacity=1.0, ori=0.0, pos=array([0., 0.]), size=array([0.2, 0.2]), texRes=128, units='height', win=Window(...))
6.4718 	EXP 	Created tree3_5 = ImageStim(__class__=<class 'psychopy.visual.image.ImageStim'>, autoLog=True, color=array([1., 1., 1.]), colorSpace='rgb', contrast=1.0, depth=-2.0, flipHoriz=False, flipVert=False, image='images/tree.png', interpolate=True, mask=None, maskParams=None, name='tree3_5', opacity=1.0, ori=0.0, pos=array([0., 0.]), size=array([0.2, 0.2]), texRes=128, units='height', win=Window(...))
6.4757 	EXP 	Created tree4_5 = ImageStim(__class__=<class 'psychopy.visual.image.ImageStim'>, autoLog=True, color=array([1., 1., 1.]), colorSpace='rgb', contrast=1.0, depth=-3.0, flipHoriz=False, flipVert=False, image='images/tree.png', interpolate=True, mask=None, maskParams=None, name='tree4_5', opacity=1.0, ori=0.0, pos=array([0., 0.]), size=array([0.2, 0.2]), texRes=128, units='height', win=Window(...))
6.4907 	EXP 	Created circle_5 = ImageStim(__class__=<class 'psychopy.visual.image.ImageStim'>, autoLog=True, color=array([1., 1., 1.]), colorSpace='rgb', contrast=1.0, depth=-4.0, flipHoriz=False, flipVert=False, image='images/hollow.png', interpolate=True, mask=None, maskParams=None, name='circle_5', opacity=1.0, ori=0.0, pos=array([ 0. , -0.2]), size=array([0.2, 0.2]), texRes=128, units='height', win=Window(...))
6.4931 	EXP 	Created reward_3 = TextStim(__class__=<class 'psychopy.visual.text.TextStim'>, alignHoriz=method-wrapper(...), alignText='center', alignVert=method-wrapper(...), anchorHoriz='center', anchorVert='center', antialias=True, autoLog=True, bold=False, color='green', colorSpace='named', contrast=1.0, depth=-5.0, flipHoriz=False, flipVert=False, font='Arial', fontFiles=[], height=0.05, italic=False, languageStyle='LTR', name='reward_3', opacity=1.0, ori=0, pos=array([ 0.6 , -0.08]), rgb=array([  0., 128.,   0.]), text='default text', units='height', win=Window(...), wrapWidth=1)
6.4987 	EXP 	Created forward_7 = ImageStim(__class__=<class 'psychopy.visual.image.ImageStim'>, autoLog=True, color=array([1., 1., 1.]), colorSpace='rgb', contrast=1.0, depth=-6.0, flipHoriz=False, flipVert=False, image='images/arrow.png', interpolate=True, mask=None, maskParams=None, name='forward_7', opacity=1.0, ori=0.0, pos=array([-0.5, -0.2]), size=array([0.1, 0.1]), texRes=128, units='height', win=Window(...))
6.4987 	EXP 	window1: mouseVisible = True
6.5045 	EXP 	Created skipsq_2 = ImageStim(__class__=<class 'psychopy.visual.image.ImageStim'>, autoLog=True, color=array([1., 1., 1.]), colorSpace='rgb', contrast=1.0, depth=-8.0, flipHoriz=False, flipVert=False, image='images/square.png', interpolate=True, mask=None, maskParams=None, name='skipsq_2', opacity=1.0, ori=0.0, pos=array([-0.5, -0.2]), size=array([0.15, 0.15]), texRes=128, units='height', win=Window(...))
6.5307 	EXP 	Created gcircle_5 = ImageStim(__class__=<class 'psychopy.visual.image.ImageStim'>, autoLog=True, color=array([1., 1., 1.]), colorSpace='rgb', contrast=1.0, depth=-9.0, flipHoriz=False, flipVert=False, image='images/gcircle.png', interpolate=True, mask=None, maskParams=None, name='gcircle_5', opacity=1.0, ori=0.0, pos=array([ 0. , -0.2]), size=array([0.12, 0.12]), texRes=128, units='height', win=Window(...))
6.5366 	EXP 	Created tree1_21 = ImageStim(__class__=<class 'psychopy.visual.image.ImageStim'>, autoLog=True, color=array([1., 1., 1.]), colorSpace='rgb', contrast=1.0, depth=-1.0, flipHoriz=False, flipVert=False, image='images/tree.png', interpolate=True, mask=None, maskParams=None, name='tree1_21', opacity=1.0, ori=0.0, pos=array([0., 0.]), size=array([0.2, 0.2]), texRes=128, units='height', win=Window(...))
6.5411 	EXP 	Created tree2_21 = ImageStim(__class__=<class 'psychopy.visual.image.ImageStim'>, autoLog=True, color=array([1., 1., 1.]), colorSpace='rgb', contrast=1.0, depth=-2.0, flipHoriz=False, flipVert=False, image='images/tree.png', interpolate=True, mask=None, maskParams=None, name='tree2_21', opacity=1.0, ori=0.0, pos=array([0., 0.]), size=array([0.2, 0.2]), texRes=128, units='height', win=Window(...))
6.5458 	EXP 	Created tree3_21 = ImageStim(__class__=<class 'psychopy.visual.image.ImageStim'>, autoLog=True, color=array([1., 1., 1.]), colorSpace='rgb', contrast=1.0, depth=-3.0, flipHoriz=False, flipVert=False, image='images/tree.png', interpolate=True, mask=None, maskParams=None, name='tree3_21', opacity=1.0, ori=0.0, pos=array([0., 0.]), size=array([0.2, 0.2]), texRes=128, units='height', win=Window(...))
6.5496 	EXP 	Created tree4_21 = ImageStim(__class__=<class 'psychopy.visual.image.ImageStim'>, autoLog=True, color=array([1., 1., 1.]), colorSpace='rgb', contrast=1.0, depth=-4.0, flipHoriz=False, flipVert=False, image='images/tree.png', interpolate=True, mask=None, maskParams=None, name='tree4_21', opacity=1.0, ori=0.0, pos=array([0., 0.]), size=array([0.2, 0.2]), texRes=128, units='height', win=Window(...))
6.5672 	EXP 	Created circle_6 = ImageStim(__class__=<class 'psychopy.visual.image.ImageStim'>, autoLog=True, color=array([1., 1., 1.]), colorSpace='rgb', contrast=1.0, depth=-5.0, flipHoriz=False, flipVert=False, image='images/hollow.png', interpolate=True, mask=None, maskParams=None, name='circle_6', opacity=1.0, ori=0.0, pos=array([ 0. , -0.2]), size=array([0.2, 0.2]), texRes=128, units='height', win=Window(...))
6.5693 	EXP 	Created reward_9 = TextStim(__class__=<class 'psychopy.visual.text.TextStim'>, alignHoriz=method-wrapper(...), alignText='center', alignVert=method-wrapper(...), anchorHoriz='center', anchorVert='center', antialias=True, autoLog=True, bold=False, color='green', colorSpace='named', contrast=1.0, depth=-6.0, flipHoriz=False, flipVert=False, font='Arial', fontFiles=[], height=0.05, italic=False, languageStyle='LTR', name='reward_9', opacity=1.0, ori=0, pos=array([ 0.6 , -0.08]), rgb=array([  0., 128.,   0.]), text='default text', units='height', win=Window(...), wrapWidth=1)
6.5753 	EXP 	Created forward_15 = ImageStim(__class__=<class 'psychopy.visual.image.ImageStim'>, autoLog=True, color=array([1., 1., 1.]), colorSpace='rgb', contrast=1.0, depth=-7.0, flipHoriz=False, flipVert=False, image='images/arrow.png', interpolate=True, mask=None, maskParams=None, name='forward_15', opacity=1.0, ori=0.0, pos=array([-0.5, -0.2]), size=array([0.1, 0.1]), texRes=128, units='height', win=Window(...))
6.5809 	EXP 	Created tree1_22 = ImageStim(__class__=<class 'psychopy.visual.image.ImageStim'>, autoLog=True, color=array([1., 1., 1.]), colorSpace='rgb', contrast=1.0, depth=0.0, flipHoriz=False, flipVert=False, image='images/tree.png', interpolate=True, mask=None, maskParams=None, name='tree1_22', opacity=1.0, ori=0.0, pos=array([0., 0.]), size=array([0.2, 0.2]), texRes=128, units='height', win=Window(...))
6.5854 	EXP 	Created tree2_22 = ImageStim(__class__=<class 'psychopy.visual.image.ImageStim'>, autoLog=True, color=array([1., 1., 1.]), colorSpace='rgb', contrast=1.0, depth=-1.0, flipHoriz=False, flipVert=False, image='images/tree.png', interpolate=True, mask=None, maskParams=None, name='tree2_22', opacity=1.0, ori=0.0, pos=array([0., 0.]), size=array([0.2, 0.2]), texRes=128, units='height', win=Window(...))
6.5916 	EXP 	Created tree3_22 = ImageStim(__class__=<class 'psychopy.visual.image.ImageStim'>, autoLog=True, color=array([1., 1., 1.]), colorSpace='rgb', contrast=1.0, depth=-2.0, flipHoriz=False, flipVert=False, image='images/tree.png', interpolate=True, mask=None, maskParams=None, name='tree3_22', opacity=1.0, ori=0.0, pos=array([0., 0.]), size=array([0.2, 0.2]), texRes=128, units='height', win=Window(...))
6.5958 	EXP 	Created tree4_22 = ImageStim(__class__=<class 'psychopy.visual.image.ImageStim'>, autoLog=True, color=array([1., 1., 1.]), colorSpace='rgb', contrast=1.0, depth=-3.0, flipHoriz=False, flipVert=False, image='images/tree.png', interpolate=True, mask=None, maskParams=None, name='tree4_22', opacity=1.0, ori=0.0, pos=array([0., 0.]), size=array([0.2, 0.2]), texRes=128, units='height', win=Window(...))
6.6157 	EXP 	Created circle5_2 = ImageStim(__class__=<class 'psychopy.visual.image.ImageStim'>, autoLog=True, color=array([1., 1., 1.]), colorSpace='rgb', contrast=1.0, depth=-4.0, flipHoriz=False, flipVert=False, image='images/hollow.png', interpolate=True, mask=None, maskParams=None, name='circle5_2', opacity=1.0, ori=0.0, pos=array([ 0. , -0.2]), size=array([0.2, 0.2]), texRes=128, units='height', win=Window(...))
6.6192 	EXP 	Created text = TextStim(__class__=<class 'psychopy.visual.text.TextStim'>, alignHoriz=method-wrapper(...), alignText='center', alignVert=method-wrapper(...), anchorHoriz='center', anchorVert='center', antialias=True, autoLog=True, bold=False, color='black', colorSpace='named', contrast=1.0, depth=0.0, flipHoriz=False, flipVert=False, font='Arial', fontFiles=[], height=0.05, italic=False, languageStyle='LTR', name='text', opacity=1.0, ori=0, pos=array([0., 0.]), rgb=array([0., 0., 0.]), text='The end~', units='height', win=Window(...), wrapWidth=1)
6.6259 	EXP 	Created tree1_8 = ImageStim(__class__=<class 'psychopy.visual.image.ImageStim'>, autoLog=True, color=array([1., 1., 1.]), colorSpace='rgb', contrast=1.0, depth=0.0, flipHoriz=False, flipVert=False, image='images/tree.png', interpolate=True, mask=None, maskParams=None, name='tree1_8', opacity=1.0, ori=0.0, pos=array([0., 0.]), size=array([0.2, 0.2]), texRes=128, units='height', win=Window(...))
6.6305 	EXP 	Created tree2_8 = ImageStim(__class__=<class 'psychopy.visual.image.ImageStim'>, autoLog=True, color=array([1., 1., 1.]), colorSpace='rgb', contrast=1.0, depth=-1.0, flipHoriz=False, flipVert=False, image='images/tree.png', interpolate=True, mask=None, maskParams=None, name='tree2_8', opacity=1.0, ori=0.0, pos=array([0., 0.]), size=array([0.2, 0.2]), texRes=128, units='height', win=Window(...))
6.6350 	EXP 	Created tree3_8 = ImageStim(__class__=<class 'psychopy.visual.image.ImageStim'>, autoLog=True, color=array([1., 1., 1.]), colorSpace='rgb', contrast=1.0, depth=-2.0, flipHoriz=False, flipVert=False, image='images/tree.png', interpolate=True, mask=None, maskParams=None, name='tree3_8', opacity=1.0, ori=0.0, pos=array([0., 0.]), size=array([0.2, 0.2]), texRes=128, units='height', win=Window(...))
6.6394 	EXP 	Created tree4_8 = ImageStim(__class__=<class 'psychopy.visual.image.ImageStim'>, autoLog=True, color=array([1., 1., 1.]), colorSpace='rgb', contrast=1.0, depth=-3.0, flipHoriz=False, flipVert=False, image='images/tree.png', interpolate=True, mask=None, maskParams=None, name='tree4_8', opacity=1.0, ori=0.0, pos=array([0., 0.]), size=array([0.2, 0.2]), texRes=128, units='height', win=Window(...))
6.6574 	EXP 	Created square_8 = ImageStim(__class__=<class 'psychopy.visual.image.ImageStim'>, autoLog=True, color=array([1., 1., 1.]), colorSpace='rgb', contrast=1.0, depth=-4.0, flipHoriz=False, flipVert=False, image='images/hollow.png', interpolate=True, mask=None, maskParams=None, name='square_8', opacity=1.0, ori=0.0, pos=array([ 0. , -0.2]), size=array([0.25, 0.25]), texRes=128, units='height', win=Window(...))
6.6594 	EXP 	Created text = TextStim(__class__=<class 'psychopy.visual.text.TextStim'>, alignHoriz=method-wrapper(...), alignText='center', alignVert=method-wrapper(...), anchorHoriz='center', anchorVert='center', antialias=True, autoLog=True, bold=False, color='black', colorSpace='named', contrast=1.0, depth=0.0, flipHoriz=False, flipVert=False, font='Arial', fontFiles=[], height=0.05, italic=False, languageStyle='LTR', name='text', opacity=1.0, ori=0, pos=array([0., 0.]), rgb=array([0., 0., 0.]), text='The end~', units='height', win=Window(...), wrapWidth=1)
6.6798 	EXP 	introtext: autoDraw = True
7.6807 	EXP 	Created sequence: random, trialTypes=1, nReps=3, seed=None
7.6815 	EXP 	New trial (rep=0, index=0): None
7.7455 	EXP 	Imported reward.xlsx as conditions, 13 conditions, 5 params
7.7458 	EXP 	Created sequence: sequential, trialTypes=13, nReps=1, seed=None
7.7461 	EXP 	New trial (rep=0, index=0): OrderedDict([('rewardval1', 7.5), ('rewardval2', 7.3), ('rewardval3', 7.6), ('rewardval4', 7.1), ('rewardval5', 7.4)])
7.7682 	EXP 	introtext: autoDraw = False
7.7682 	EXP 	tree1_18: pos = array([-0.5, -0.2])
7.7682 	EXP 	tree2_18: pos = array([0.5, 0.2])
7.7682 	EXP 	tree3_18: pos = array([-0.5,  0.6])
7.7682 	EXP 	tree4_18: pos = array([ 0.5, -0.6])
7.7682 	EXP 	wait_7: text = 'wait'
7.7682 	EXP 	tree1_18: autoDraw = True
7.7682 	EXP 	tree2_18: autoDraw = True
7.7682 	EXP 	tree2_18: autoDraw = False
7.7682 	EXP 	tree3_18: autoDraw = True
7.7682 	EXP 	tree3_18: autoDraw = False
7.7682 	EXP 	tree4_18: autoDraw = True
7.7682 	EXP 	tree4_18: autoDraw = False
7.7682 	EXP 	circle1: autoDraw = True
7.7682 	EXP 	wait_7: autoDraw = True
7.7682 	EXP 	wait_7: autoDraw = False
7.7682 	EXP 	forward_11: autoDraw = True
7.7682 	EXP 	squaree_3: autoDraw = True
7.7682 	EXP 	squaree_3: autoDraw = False
8.5353 	DATA 	Mouse: Left button down, pos=(968,313)
8.5772 	EXP 	tree1_18: autoDraw = False
8.5772 	EXP 	tree2_18: autoDraw = False
8.5772 	EXP 	tree3_18: autoDraw = False
8.5772 	EXP 	tree4_18: autoDraw = False
8.5772 	EXP 	circle1: autoDraw = False
8.5772 	EXP 	wait_7: autoDraw = False
8.5772 	EXP 	forward_11: autoDraw = False
8.5772 	EXP 	squaree_3: autoDraw = False
8.5772 	EXP 	tree1_12: pos = array([-0.5, -0.2])
8.5772 	EXP 	tree2_12: pos = array([0.5, 0.2])
8.5772 	EXP 	tree3_12: pos = array([-0.5,  0.6])
8.5772 	EXP 	tree4_12: pos = array([ 0.5, -0.6])
8.5772 	EXP 	wait_3: text = 'wait'
8.5772 	EXP 	tree1_12: autoDraw = True
8.5772 	EXP 	tree2_12: autoDraw = True
8.5772 	EXP 	tree2_12: autoDraw = False
8.5772 	EXP 	tree3_12: autoDraw = True
8.5772 	EXP 	tree3_12: autoDraw = False
8.5772 	EXP 	tree4_12: autoDraw = True
8.5772 	EXP 	tree4_12: autoDraw = False
8.5772 	EXP 	circle2: autoDraw = True
8.5772 	EXP 	wait_3: autoDraw = True
8.5772 	EXP 	wait_3: autoDraw = False
8.5772 	EXP 	forward_2: autoDraw = True
8.5772 	EXP 	squaree_2: autoDraw = True
8.5772 	EXP 	squaree_2: autoDraw = False
8.5772 	EXP 	gcircle: autoDraw = True
8.5772 	EXP 	gcircle: autoDraw = False
8.7207 	DATA 	Mouse:  Left button up, pos=(968,313)
9.6026 	EXP 	tree1_12: autoDraw = False
9.6026 	EXP 	tree2_12: autoDraw = False
9.6026 	EXP 	tree3_12: autoDraw = False
9.6026 	EXP 	tree4_12: autoDraw = False
9.6026 	EXP 	circle2: autoDraw = False
9.6026 	EXP 	wait_3: autoDraw = False
9.6026 	EXP 	forward_2: autoDraw = False
9.6026 	EXP 	squaree_2: autoDraw = False
9.6026 	EXP 	gcircle: autoDraw = False
9.6026 	EXP 	tree1_4: pos = array([-0.5, -0.2])
9.6026 	EXP 	tree2_4: pos = array([0.5, 0.2])
9.6026 	EXP 	tree3_4: pos = array([-0.5,  0.6])
9.6026 	EXP 	tree4_4: pos = array([ 0.5, -0.6])
9.6026 	EXP 	reward_2: text = 7.5
9.6026 	EXP 	tree1_4: autoDraw = True
9.6026 	EXP 	tree2_4: autoDraw = True
9.6026 	EXP 	tree2_4: autoDraw = False
9.6026 	EXP 	tree3_4: autoDraw = True
9.6026 	EXP 	tree3_4: autoDraw = False
9.6026 	EXP 	tree4_4: autoDraw = True
9.6026 	EXP 	tree4_4: autoDraw = False
9.6026 	EXP 	circle3: autoDraw = True
9.6026 	EXP 	reward_2: autoDraw = True
9.6026 	EXP 	reward_2: autoDraw = False
9.6026 	EXP 	forward: autoDraw = True
9.6026 	EXP 	gcircle_2: autoDraw = True
9.6026 	EXP 	skipsq: autoDraw = True
15.1062 	DATA 	Mouse: Left button down, pos=(430,336)
15.2128 	EXP 	tree1_4: autoDraw = False
15.2128 	EXP 	tree2_4: autoDraw = False
15.2128 	EXP 	tree3_4: autoDraw = False
15.2128 	EXP 	tree4_4: autoDraw = False
15.2128 	EXP 	circle3: autoDraw = False
15.2128 	EXP 	reward_2: autoDraw = False
15.2128 	EXP 	forward: autoDraw = False
15.2128 	EXP 	gcircle_2: autoDraw = False
15.2128 	EXP 	skipsq: autoDraw = False
15.2128 	EXP 	tree1_19: pos = array([-0.5, -0.2])
15.2128 	EXP 	tree2_19: pos = array([0.5, 0.2])
15.2128 	EXP 	tree3_19: pos = array([-0.5,  0.6])
15.2128 	EXP 	tree4_19: pos = array([ 0.5, -0.6])
15.2128 	EXP 	wait_8: text = 'wait'
15.2128 	EXP 	reward_7: text = 7.5
15.2128 	EXP 	tree1_19: autoDraw = True
15.2128 	EXP 	tree2_19: autoDraw = True
15.2128 	EXP 	tree2_19: autoDraw = False
15.2128 	EXP 	tree3_19: autoDraw = True
15.2128 	EXP 	tree3_19: autoDraw = False
15.2128 	EXP 	tree4_19: autoDraw = True
15.2128 	EXP 	tree4_19: autoDraw = False
15.2128 	EXP 	circle4: autoDraw = True
15.2128 	EXP 	wait_8: autoDraw = True
15.2128 	EXP 	wait_8: autoDraw = False
15.2128 	EXP 	forward_12: autoDraw = True
15.2128 	EXP 	squaree_4: autoDraw = True
15.2128 	EXP 	squaree_4: autoDraw = False
15.2128 	EXP 	gcircle_3: autoDraw = True
15.2128 	EXP 	gcircle_3: autoDraw = False
15.2128 	EXP 	reward_7: autoDraw = True
15.2128 	EXP 	gcircle_4: autoDraw = True
15.2862 	DATA 	Mouse:  Left button up, pos=(430,336)
15.6264 	WARNING 	Got keycode {} but that code isn't yet known
15.6264 	WARNING 	Keypress was given unknown key code (108)
16.2026 	EXP 	New trial (rep=0, index=1): OrderedDict([('rewardval1', 7.1), ('rewardval2', 6.9), ('rewardval3', 7.1), ('rewardval4', 6.6), ('rewardval5', 6.8)])
16.2452 	EXP 	tree1_19: autoDraw = False
16.2452 	EXP 	tree2_19: autoDraw = False
16.2452 	EXP 	tree3_19: autoDraw = False
16.2452 	EXP 	tree4_19: autoDraw = False
16.2452 	EXP 	circle4: autoDraw = False
16.2452 	EXP 	wait_8: autoDraw = False
16.2452 	EXP 	forward_12: autoDraw = False
16.2452 	EXP 	squaree_4: autoDraw = False
16.2452 	EXP 	gcircle_3: autoDraw = False
16.2452 	EXP 	reward_7: autoDraw = False
16.2452 	EXP 	gcircle_4: autoDraw = False
16.2452 	EXP 	tree1_18: pos = array([-0.5, -0.2])
16.2452 	EXP 	tree2_18: pos = array([0.5, 0.2])
16.2452 	EXP 	tree3_18: pos = array([-0.5,  0.6])
16.2452 	EXP 	tree4_18: pos = array([ 0.5, -0.6])
16.2452 	EXP 	wait_7: text = 'wait'
16.2452 	EXP 	tree1_18: autoDraw = True
16.2452 	EXP 	tree2_18: autoDraw = True
16.2452 	EXP 	tree2_18: autoDraw = False
16.2452 	EXP 	tree3_18: autoDraw = True
16.2452 	EXP 	tree3_18: autoDraw = False
16.2452 	EXP 	tree4_18: autoDraw = True
16.2452 	EXP 	tree4_18: autoDraw = False
16.2452 	EXP 	circle1: autoDraw = True
16.2452 	EXP 	wait_7: autoDraw = True
16.2452 	EXP 	wait_7: autoDraw = False
16.2452 	EXP 	forward_11: autoDraw = True
16.2452 	EXP 	squaree_3: autoDraw = True
16.2452 	EXP 	squaree_3: autoDraw = False
17.7892 	DATA 	Mouse: Left button down, pos=(936,314)
17.8632 	EXP 	tree1_18: autoDraw = False
17.8632 	EXP 	tree2_18: autoDraw = False
17.8632 	EXP 	tree3_18: autoDraw = False
17.8632 	EXP 	tree4_18: autoDraw = False
17.8632 	EXP 	circle1: autoDraw = False
17.8632 	EXP 	wait_7: autoDraw = False
17.8632 	EXP 	forward_11: autoDraw = False
17.8632 	EXP 	squaree_3: autoDraw = False
17.8632 	EXP 	tree1_12: pos = array([-0.5, -0.2])
17.8632 	EXP 	tree2_12: pos = array([0.5, 0.2])
17.8632 	EXP 	tree3_12: pos = array([-0.5,  0.6])
17.8632 	EXP 	tree4_12: pos = array([ 0.5, -0.6])
17.8632 	EXP 	wait_3: text = 'wait'
17.8632 	EXP 	tree1_12: autoDraw = True
17.8632 	EXP 	tree2_12: autoDraw = True
17.8632 	EXP 	tree2_12: autoDraw = False
17.8632 	EXP 	tree3_12: autoDraw = True
17.8632 	EXP 	tree3_12: autoDraw = False
17.8632 	EXP 	tree4_12: autoDraw = True
17.8632 	EXP 	tree4_12: autoDraw = False
17.8632 	EXP 	circle2: autoDraw = True
17.8632 	EXP 	wait_3: autoDraw = True
17.8632 	EXP 	wait_3: autoDraw = False
17.8632 	EXP 	forward_2: autoDraw = True
17.8632 	EXP 	squaree_2: autoDraw = True
17.8632 	EXP 	squaree_2: autoDraw = False
17.8632 	EXP 	gcircle: autoDraw = True
17.8632 	EXP 	gcircle: autoDraw = False
17.9820 	DATA 	Mouse:  Left button up, pos=(936,314)
18.8753 	EXP 	tree1_12: autoDraw = False
18.8753 	EXP 	tree2_12: autoDraw = False
18.8753 	EXP 	tree3_12: autoDraw = False
18.8753 	EXP 	tree4_12: autoDraw = False
18.8753 	EXP 	circle2: autoDraw = False
18.8753 	EXP 	wait_3: autoDraw = False
18.8753 	EXP 	forward_2: autoDraw = False
18.8753 	EXP 	squaree_2: autoDraw = False
18.8753 	EXP 	gcircle: autoDraw = False
18.8753 	EXP 	tree1_4: pos = array([-0.5, -0.2])
18.8753 	EXP 	tree2_4: pos = array([0.5, 0.2])
18.8753 	EXP 	tree3_4: pos = array([-0.5,  0.6])
18.8753 	EXP 	tree4_4: pos = array([ 0.5, -0.6])
18.8753 	EXP 	reward_2: text = 7.1
18.8753 	EXP 	tree1_4: autoDraw = True
18.8753 	EXP 	tree2_4: autoDraw = True
18.8753 	EXP 	tree2_4: autoDraw = False
18.8753 	EXP 	tree3_4: autoDraw = True
18.8753 	EXP 	tree3_4: autoDraw = False
18.8753 	EXP 	tree4_4: autoDraw = True
18.8753 	EXP 	tree4_4: autoDraw = False
18.8753 	EXP 	circle3: autoDraw = True
18.8753 	EXP 	reward_2: autoDraw = True
18.8753 	EXP 	reward_2: autoDraw = False
18.8753 	EXP 	forward: autoDraw = True
18.8753 	EXP 	gcircle_2: autoDraw = True
18.8753 	EXP 	skipsq: autoDraw = True
27.7970 	DATA 	Mouse: Left button down, pos=(1454,304)
27.8560 	EXP 	Imported pos.xlsx as conditions, 41 conditions, 2 params
27.8564 	EXP 	Created sequence: sequential, trialTypes=41, nReps=1, seed=None
27.8568 	EXP 	New trial (rep=0, index=0): OrderedDict([('tree1_n', -0.2), ('tree2_p', -0.6)])
27.8960 	EXP 	tree1_4: autoDraw = False
27.8960 	EXP 	tree2_4: autoDraw = False
27.8960 	EXP 	tree3_4: autoDraw = False
27.8960 	EXP 	tree4_4: autoDraw = False
27.8960 	EXP 	circle3: autoDraw = False
27.8960 	EXP 	reward_2: autoDraw = False
27.8960 	EXP 	forward: autoDraw = False
27.8960 	EXP 	gcircle_2: autoDraw = False
27.8960 	EXP 	skipsq: autoDraw = False
27.8960 	EXP 	tree1_19: pos = array([-0.5, -0.2])
27.8960 	EXP 	tree2_19: pos = array([0.5, 0.2])
27.8960 	EXP 	tree3_19: pos = array([-0.5,  0.6])
27.8960 	EXP 	tree4_19: pos = array([ 0.5, -0.6])
27.8960 	EXP 	wait_8: text = 'wait'
27.8960 	EXP 	reward_7: text = 7.1
27.8960 	EXP 	tree1_19: autoDraw = False
27.8960 	EXP 	tree2_19: autoDraw = False
27.8960 	EXP 	tree3_19: autoDraw = False
27.8960 	EXP 	tree4_19: autoDraw = False
27.8960 	EXP 	circle4: autoDraw = False
27.8960 	EXP 	wait_8: autoDraw = False
27.8960 	EXP 	forward_12: autoDraw = False
27.8960 	EXP 	squaree_4: autoDraw = False
27.8960 	EXP 	gcircle_3: autoDraw = False
27.8960 	EXP 	reward_7: autoDraw = False
27.8960 	EXP 	gcircle_4: autoDraw = False
27.8960 	EXP 	tree1_6: pos = array([ 0.5, -0.2])
27.8960 	EXP 	tree2_6: pos = array([-0.5, -0.6])
27.8960 	EXP 	tree3_6: pos = array([-0.5,  0. ])
27.8960 	EXP 	tree4_6: pos = array([0.5, 0. ])
27.8960 	EXP 	tree1_6: autoDraw = True
27.8960 	EXP 	tree2_6: autoDraw = True
27.8960 	EXP 	tree3_6: autoDraw = True
27.8960 	EXP 	tree3_6: autoDraw = False
27.8960 	EXP 	tree4_6: autoDraw = True
27.8960 	EXP 	tree4_6: autoDraw = False
27.8960 	EXP 	circle5: autoDraw = True
27.9709 	DATA 	Mouse:  Left button up, pos=(1454,304)
28.0158 	EXP 	New trial (rep=0, index=1): OrderedDict([('tree1_n', -0.21), ('tree2_p', -0.6)])
28.0573 	EXP 	tree1_6: autoDraw = False
28.0573 	EXP 	tree2_6: autoDraw = False
28.0573 	EXP 	circle5: autoDraw = False
28.0573 	EXP 	tree1_6: autoDraw = False
28.0573 	EXP 	tree2_6: autoDraw = False
28.0573 	EXP 	tree3_6: autoDraw = False
28.0573 	EXP 	tree4_6: autoDraw = False
28.0573 	EXP 	circle5: autoDraw = False
28.0573 	EXP 	tree1_6: pos = array([ 0.5 , -0.21])
28.0573 	EXP 	tree2_6: pos = array([-0.5, -0.6])
28.0573 	EXP 	tree3_6: pos = array([-0.5,  0. ])
28.0573 	EXP 	tree4_6: pos = array([0.5, 0. ])
28.0573 	EXP 	tree1_6: autoDraw = True
28.0573 	EXP 	tree2_6: autoDraw = True
28.0573 	EXP 	tree3_6: autoDraw = True
28.0573 	EXP 	tree3_6: autoDraw = False
28.0573 	EXP 	tree4_6: autoDraw = True
28.0573 	EXP 	tree4_6: autoDraw = False
28.0573 	EXP 	circle5: autoDraw = True
28.1714 	EXP 	New trial (rep=0, index=2): OrderedDict([('tree1_n', -0.22), ('tree2_p', -0.6)])
28.2133 	EXP 	tree1_6: autoDraw = False
28.2133 	EXP 	tree2_6: autoDraw = False
28.2133 	EXP 	circle5: autoDraw = False
28.2133 	EXP 	tree1_6: autoDraw = False
28.2133 	EXP 	tree2_6: autoDraw = False
28.2133 	EXP 	tree3_6: autoDraw = False
28.2133 	EXP 	tree4_6: autoDraw = False
28.2133 	EXP 	circle5: autoDraw = False
28.2133 	EXP 	tree1_6: pos = array([ 0.5 , -0.22])
28.2133 	EXP 	tree2_6: pos = array([-0.5, -0.6])
28.2133 	EXP 	tree3_6: pos = array([-0.5,  0. ])
28.2133 	EXP 	tree4_6: pos = array([0.5, 0. ])
28.2133 	EXP 	tree1_6: autoDraw = True
28.2133 	EXP 	tree2_6: autoDraw = True
28.2133 	EXP 	tree3_6: autoDraw = True
28.2133 	EXP 	tree3_6: autoDraw = False
28.2133 	EXP 	tree4_6: autoDraw = True
28.2133 	EXP 	tree4_6: autoDraw = False
28.2133 	EXP 	circle5: autoDraw = True
28.2833 	WARNING 	Got keycode {} but that code isn't yet known
28.2834 	WARNING 	Keypress was given unknown key code (108)
28.3322 	EXP 	New trial (rep=0, index=3): OrderedDict([('tree1_n', -0.23), ('tree2_p', -0.6)])
28.3765 	EXP 	tree1_6: autoDraw = False
28.3765 	EXP 	tree2_6: autoDraw = False
28.3765 	EXP 	circle5: autoDraw = False
28.3765 	EXP 	tree1_6: autoDraw = False
28.3765 	EXP 	tree2_6: autoDraw = False
28.3765 	EXP 	tree3_6: autoDraw = False
28.3765 	EXP 	tree4_6: autoDraw = False
28.3765 	EXP 	circle5: autoDraw = False
28.3765 	EXP 	tree1_6: pos = array([ 0.5 , -0.23])
28.3765 	EXP 	tree2_6: pos = array([-0.5, -0.6])
28.3765 	EXP 	tree3_6: pos = array([-0.5,  0. ])
28.3765 	EXP 	tree4_6: pos = array([0.5, 0. ])
28.3765 	EXP 	tree1_6: autoDraw = True
28.3765 	EXP 	tree2_6: autoDraw = True
28.3765 	EXP 	tree3_6: autoDraw = True
28.3765 	EXP 	tree3_6: autoDraw = False
28.3765 	EXP 	tree4_6: autoDraw = True
28.3765 	EXP 	tree4_6: autoDraw = False
28.3765 	EXP 	circle5: autoDraw = True
28.5260 	EXP 	New trial (rep=0, index=4): OrderedDict([('tree1_n', -0.24), ('tree2_p', -0.6)])
28.5691 	EXP 	tree1_6: autoDraw = False
28.5691 	EXP 	tree2_6: autoDraw = False
28.5691 	EXP 	circle5: autoDraw = False
28.5691 	EXP 	tree1_6: autoDraw = False
28.5691 	EXP 	tree2_6: autoDraw = False
28.5691 	EXP 	tree3_6: autoDraw = False
28.5691 	EXP 	tree4_6: autoDraw = False
28.5691 	EXP 	circle5: autoDraw = False
28.5691 	EXP 	tree1_6: pos = array([ 0.5 , -0.24])
28.5691 	EXP 	tree2_6: pos = array([-0.5, -0.6])
28.5691 	EXP 	tree3_6: pos = array([-0.5,  0. ])
28.5691 	EXP 	tree4_6: pos = array([0.5, 0. ])
28.5691 	EXP 	tree1_6: autoDraw = True
28.5691 	EXP 	tree2_6: autoDraw = True
28.5691 	EXP 	tree3_6: autoDraw = True
28.5691 	EXP 	tree3_6: autoDraw = False
28.5691 	EXP 	tree4_6: autoDraw = True
28.5691 	EXP 	tree4_6: autoDraw = False
28.5691 	EXP 	circle5: autoDraw = True
28.6902 	EXP 	New trial (rep=0, index=5): OrderedDict([('tree1_n', -0.25), ('tree2_p', -0.6)])
28.7304 	EXP 	tree1_6: autoDraw = False
28.7304 	EXP 	tree2_6: autoDraw = False
28.7304 	EXP 	circle5: autoDraw = False
28.7304 	EXP 	tree1_6: autoDraw = False
28.7304 	EXP 	tree2_6: autoDraw = False
28.7304 	EXP 	tree3_6: autoDraw = False
28.7304 	EXP 	tree4_6: autoDraw = False
28.7304 	EXP 	circle5: autoDraw = False
28.7304 	EXP 	tree1_6: pos = array([ 0.5 , -0.25])
28.7304 	EXP 	tree2_6: pos = array([-0.5, -0.6])
28.7304 	EXP 	tree3_6: pos = array([-0.5,  0. ])
28.7304 	EXP 	tree4_6: pos = array([0.5, 0. ])
28.7304 	EXP 	tree1_6: autoDraw = True
28.7304 	EXP 	tree2_6: autoDraw = True
28.7304 	EXP 	tree3_6: autoDraw = True
28.7304 	EXP 	tree3_6: autoDraw = False
28.7304 	EXP 	tree4_6: autoDraw = True
28.7304 	EXP 	tree4_6: autoDraw = False
28.7304 	EXP 	circle5: autoDraw = True
28.8462 	EXP 	New trial (rep=0, index=6): OrderedDict([('tree1_n', -0.26), ('tree2_p', -0.6)])
28.8896 	EXP 	tree1_6: autoDraw = False
28.8896 	EXP 	tree2_6: autoDraw = False
28.8896 	EXP 	circle5: autoDraw = False
28.8896 	EXP 	tree1_6: autoDraw = False
28.8896 	EXP 	tree2_6: autoDraw = False
28.8896 	EXP 	tree3_6: autoDraw = False
28.8896 	EXP 	tree4_6: autoDraw = False
28.8896 	EXP 	circle5: autoDraw = False
28.8896 	EXP 	tree1_6: pos = array([ 0.5 , -0.26])
28.8896 	EXP 	tree2_6: pos = array([-0.5, -0.6])
28.8896 	EXP 	tree3_6: pos = array([-0.5,  0. ])
28.8896 	EXP 	tree4_6: pos = array([0.5, 0. ])
28.8896 	EXP 	tree1_6: autoDraw = True
28.8896 	EXP 	tree2_6: autoDraw = True
28.8896 	EXP 	tree3_6: autoDraw = True
28.8896 	EXP 	tree3_6: autoDraw = False
28.8896 	EXP 	tree4_6: autoDraw = True
28.8896 	EXP 	tree4_6: autoDraw = False
28.8896 	EXP 	circle5: autoDraw = True
29.0213 	EXP 	New trial (rep=0, index=7): OrderedDict([('tree1_n', -0.27), ('tree2_p', -0.6)])
29.0610 	EXP 	tree1_6: autoDraw = False
29.0610 	EXP 	tree2_6: autoDraw = False
29.0610 	EXP 	circle5: autoDraw = False
29.0610 	EXP 	tree1_6: autoDraw = False
29.0610 	EXP 	tree2_6: autoDraw = False
29.0610 	EXP 	tree3_6: autoDraw = False
29.0610 	EXP 	tree4_6: autoDraw = False
29.0610 	EXP 	circle5: autoDraw = False
29.0610 	EXP 	tree1_6: pos = array([ 0.5 , -0.27])
29.0610 	EXP 	tree2_6: pos = array([-0.5, -0.6])
29.0610 	EXP 	tree3_6: pos = array([-0.5,  0. ])
29.0610 	EXP 	tree4_6: pos = array([0.5, 0. ])
29.0610 	EXP 	tree1_6: autoDraw = True
29.0610 	EXP 	tree2_6: autoDraw = True
29.0610 	EXP 	tree3_6: autoDraw = True
29.0610 	EXP 	tree3_6: autoDraw = False
29.0610 	EXP 	tree4_6: autoDraw = True
29.0610 	EXP 	tree4_6: autoDraw = False
29.0610 	EXP 	circle5: autoDraw = True
29.1816 	EXP 	New trial (rep=0, index=8): OrderedDict([('tree1_n', -0.28), ('tree2_p', -0.6)])
29.2262 	EXP 	tree1_6: autoDraw = False
29.2262 	EXP 	tree2_6: autoDraw = False
29.2262 	EXP 	circle5: autoDraw = False
29.2262 	EXP 	tree1_6: autoDraw = False
29.2262 	EXP 	tree2_6: autoDraw = False
29.2262 	EXP 	tree3_6: autoDraw = False
29.2262 	EXP 	tree4_6: autoDraw = False
29.2262 	EXP 	circle5: autoDraw = False
29.2262 	EXP 	tree1_6: pos = array([ 0.5 , -0.28])
29.2262 	EXP 	tree2_6: pos = array([-0.5, -0.6])
29.2262 	EXP 	tree3_6: pos = array([-0.5,  0. ])
29.2262 	EXP 	tree4_6: pos = array([0.5, 0. ])
29.2262 	EXP 	tree1_6: autoDraw = True
29.2262 	EXP 	tree2_6: autoDraw = True
29.2262 	EXP 	tree3_6: autoDraw = True
29.2262 	EXP 	tree3_6: autoDraw = False
29.2262 	EXP 	tree4_6: autoDraw = True
29.2262 	EXP 	tree4_6: autoDraw = False
29.2262 	EXP 	circle5: autoDraw = True
29.3450 	EXP 	New trial (rep=0, index=9): OrderedDict([('tree1_n', -0.29), ('tree2_p', -0.6)])
29.3925 	EXP 	tree1_6: autoDraw = False
29.3925 	EXP 	tree2_6: autoDraw = False
29.3925 	EXP 	circle5: autoDraw = False
29.3925 	EXP 	tree1_6: autoDraw = False
29.3925 	EXP 	tree2_6: autoDraw = False
29.3925 	EXP 	tree3_6: autoDraw = False
29.3925 	EXP 	tree4_6: autoDraw = False
29.3925 	EXP 	circle5: autoDraw = False
29.3925 	EXP 	tree1_6: pos = array([ 0.5 , -0.29])
29.3925 	EXP 	tree2_6: pos = array([-0.5, -0.6])
29.3925 	EXP 	tree3_6: pos = array([-0.5,  0. ])
29.3925 	EXP 	tree4_6: pos = array([0.5, 0. ])
29.3925 	EXP 	tree1_6: autoDraw = True
29.3925 	EXP 	tree2_6: autoDraw = True
29.3925 	EXP 	tree3_6: autoDraw = True
29.3925 	EXP 	tree3_6: autoDraw = False
29.3925 	EXP 	tree4_6: autoDraw = True
29.3925 	EXP 	tree4_6: autoDraw = False
29.3925 	EXP 	circle5: autoDraw = True
29.5477 	EXP 	New trial (rep=0, index=10): OrderedDict([('tree1_n', -0.3), ('tree2_p', -0.6)])
29.5892 	EXP 	tree1_6: autoDraw = False
29.5892 	EXP 	tree2_6: autoDraw = False
29.5892 	EXP 	circle5: autoDraw = False
29.5892 	EXP 	tree1_6: autoDraw = False
29.5892 	EXP 	tree2_6: autoDraw = False
29.5892 	EXP 	tree3_6: autoDraw = False
29.5892 	EXP 	tree4_6: autoDraw = False
29.5892 	EXP 	circle5: autoDraw = False
29.5892 	EXP 	tree1_6: pos = array([ 0.5, -0.3])
29.5892 	EXP 	tree2_6: pos = array([-0.5, -0.6])
29.5892 	EXP 	tree3_6: pos = array([-0.5,  0. ])
29.5892 	EXP 	tree4_6: pos = array([0.5, 0. ])
29.5892 	EXP 	tree1_6: autoDraw = True
29.5892 	EXP 	tree2_6: autoDraw = True
29.5892 	EXP 	tree3_6: autoDraw = True
29.5892 	EXP 	tree3_6: autoDraw = False
29.5892 	EXP 	tree4_6: autoDraw = True
29.5892 	EXP 	tree4_6: autoDraw = False
29.5892 	EXP 	circle5: autoDraw = True
29.7470 	EXP 	New trial (rep=0, index=11): OrderedDict([('tree1_n', -0.31), ('tree2_p', -0.6)])
29.7928 	EXP 	tree1_6: autoDraw = False
29.7928 	EXP 	tree2_6: autoDraw = False
29.7928 	EXP 	circle5: autoDraw = False
29.7928 	EXP 	tree1_6: autoDraw = False
29.7928 	EXP 	tree2_6: autoDraw = False
29.7928 	EXP 	tree3_6: autoDraw = False
29.7928 	EXP 	tree4_6: autoDraw = False
29.7928 	EXP 	circle5: autoDraw = False
29.7928 	EXP 	tree1_6: pos = array([ 0.5 , -0.31])
29.7928 	EXP 	tree2_6: pos = array([-0.5, -0.6])
29.7928 	EXP 	tree3_6: pos = array([-0.5,  0. ])
29.7928 	EXP 	tree4_6: pos = array([0.5, 0. ])
29.7928 	EXP 	tree1_6: autoDraw = True
29.7928 	EXP 	tree2_6: autoDraw = True
29.7928 	EXP 	tree3_6: autoDraw = True
29.7928 	EXP 	tree3_6: autoDraw = False
29.7928 	EXP 	tree4_6: autoDraw = True
29.7928 	EXP 	tree4_6: autoDraw = False
29.7928 	EXP 	circle5: autoDraw = True
29.9468 	EXP 	New trial (rep=0, index=12): OrderedDict([('tree1_n', -0.32), ('tree2_p', -0.6)])
29.9806 	DATA 	Keypress: escape
29.9905 	EXP 	tree1_6: autoDraw = False
29.9905 	EXP 	tree2_6: autoDraw = False
29.9905 	EXP 	circle5: autoDraw = False
29.9905 	EXP 	tree1_6: autoDraw = False
29.9905 	EXP 	tree2_6: autoDraw = False
29.9905 	EXP 	tree3_6: autoDraw = False
29.9905 	EXP 	tree4_6: autoDraw = False
29.9905 	EXP 	circle5: autoDraw = False
29.9905 	EXP 	tree1_6: pos = array([ 0.5 , -0.32])
29.9905 	EXP 	tree2_6: pos = array([-0.5, -0.6])
29.9905 	EXP 	tree3_6: pos = array([-0.5,  0. ])
29.9905 	EXP 	tree4_6: pos = array([0.5, 0. ])
29.9905 	EXP 	tree1_6: autoDraw = True
29.9905 	EXP 	tree2_6: autoDraw = True
29.9905 	EXP 	tree3_6: autoDraw = True
29.9905 	EXP 	tree3_6: autoDraw = False
29.9905 	EXP 	tree4_6: autoDraw = True
29.9905 	EXP 	tree4_6: autoDraw = False
29.9905 	EXP 	circle5: autoDraw = True
30.1062 	EXP 	New trial (rep=0, index=13): OrderedDict([('tree1_n', -0.33), ('tree2_p', -0.6)])
30.1606 	EXP 	window1: mouseVisible = True
