1.0973 	WARNING 	We strongly recommend you activate the PTB sound engine in PsychoPy prefs as the preferred audio engine. Its timing is vastly superior. Your prefs are currently set to use ['sounddevice', 'PTB', 'pyo', 'pygame'] (in that order).
4.4152 	WARNING 	User requested fullscreen with size [1024  768], but screen is actually [1920, 1080]. Using actual size
5.1283 	EXP 	Created window1 = Window(allowGUI=False, allowStencil=False, args=UNKNOWN, autoLog=True, bitsMode=UNKNOWN, blendMode='avg', bpc=(8, 8, 8), color=array([0., 0., 0.]), colorSpace='rgb', depthBits=8, fullscr=<method-wrapper '__getattribute__' of attributeSetter object at 0x7fd370f232b0>, gamma=None, gammaErrorPolicy='raise', kwargs=UNKNOWN, lms=UNKNOWN, monitor=<psychopy.monitors.calibTools.Monitor object at 0x7fd370eeb6a0>, multiSample=False, name='window1', numSamples=2, pos=[0.0, 0.0], screen=0, size=array([1920, 1080]), stencilBits=0, stereo=False, units='height', useFBO=True, useRetina=False, viewOri=0.0, viewPos=None, viewScale=None, waitBlanking=True, winType='pyglet')
5.1286 	EXP 	window1: mouseVisible = True
5.1287 	EXP 	window1: recordFrameIntervals = False
5.2954 	EXP 	window1: recordFrameIntervals = True
5.5438 	EXP 	window1: recordFrameIntervals = False
5.6437 	EXP 	Created introtext = TextStim(__class__=<class 'psychopy.visual.text.TextStim'>, alignHoriz=method-wrapper(...), alignText='center', alignVert=method-wrapper(...), anchorHoriz='center', anchorVert='center', antialias=True, autoLog=True, bold=False, color='black', colorSpace='named', contrast=1.0, depth=0.0, flipHoriz=False, flipVert=False, font='Arial', fontFiles=[], height=0.05, italic=False, languageStyle='LTR', name='introtext', opacity=1.0, ori=0, pos=array([0., 0.]), rgb=array([0., 0., 0.]), text=str(...), units='height', win=Window(...), wrapWidth=1)
5.6499 	EXP 	Created tree1_18 = ImageStim(__class__=<class 'psychopy.visual.image.ImageStim'>, autoLog=True, color=array([1., 1., 1.]), colorSpace='rgb', contrast=1.0, depth=0.0, flipHoriz=False, flipVert=False, image='images/tree.png', interpolate=True, mask=None, maskParams=None, name='tree1_18', opacity=1.0, ori=0.0, pos=array([0., 0.]), size=array([0.2, 0.2]), texRes=128, units='height', win=Window(...))
5.6541 	EXP 	Created tree2_18 = ImageStim(__class__=<class 'psychopy.visual.image.ImageStim'>, autoLog=True, color=array([1., 1., 1.]), colorSpace='rgb', contrast=1.0, depth=-1.0, flipHoriz=False, flipVert=False, image='images/tree.png', interpolate=True, mask=None, maskParams=None, name='tree2_18', opacity=1.0, ori=0.0, pos=array([0., 0.]), size=array([0.2, 0.2]), texRes=128, units='height', win=Window(...))
5.6583 	EXP 	Created tree3_18 = ImageStim(__class__=<class 'psychopy.visual.image.ImageStim'>, autoLog=True, color=array([1., 1., 1.]), colorSpace='rgb', contrast=1.0, depth=-2.0, flipHoriz=False, flipVert=False, image='images/tree.png', interpolate=True, mask=None, maskParams=None, name='tree3_18', opacity=1.0, ori=0.0, pos=array([0., 0.]), size=array([0.2, 0.2]), texRes=128, units='height', win=Window(...))
5.6622 	EXP 	Created tree4_18 = ImageStim(__class__=<class 'psychopy.visual.image.ImageStim'>, autoLog=True, color=array([1., 1., 1.]), colorSpace='rgb', contrast=1.0, depth=-3.0, flipHoriz=False, flipVert=False, image='images/tree.png', interpolate=True, mask=None, maskParams=None, name='tree4_18', opacity=1.0, ori=0.0, pos=array([0., 0.]), size=array([0.2, 0.2]), texRes=128, units='height', win=Window(...))
5.6828 	EXP 	Created circle1 = ImageStim(__class__=<class 'psychopy.visual.image.ImageStim'>, autoLog=True, color=array([1., 1., 1.]), colorSpace='rgb', contrast=1.0, depth=-4.0, flipHoriz=False, flipVert=False, image='images/hollow.png', interpolate=True, mask=None, maskParams=None, name='circle1', opacity=1.0, ori=0.0, pos=array([ 0. , -0.2]), size=array([0.2, 0.2]), texRes=128, units='height', win=Window(...))
5.6918 	EXP 	Created wait_7 = TextStim(__class__=<class 'psychopy.visual.text.TextStim'>, alignHoriz=method-wrapper(...), alignText='center', alignVert=method-wrapper(...), anchorHoriz='center', anchorVert='center', antialias=True, autoLog=True, bold=False, color='black', colorSpace='named', contrast=1.0, depth=-5.0, flipHoriz=False, flipVert=False, font='Arial', fontFiles=[], height=0.02, italic=False, languageStyle='LTR', name='wait_7', opacity=1.0, ori=0, pos=array([-0.6 , -0.08]), rgb=array([0., 0., 0.]), text='default text', units='height', win=Window(...), wrapWidth=1)
5.6968 	EXP 	Created forward_11 = ImageStim(__class__=<class 'psychopy.visual.image.ImageStim'>, autoLog=True, color=array([1., 1., 1.]), colorSpace='rgb', contrast=1.0, depth=-6.0, flipHoriz=False, flipVert=False, image='images/arrow.png', interpolate=True, mask=None, maskParams=None, name='forward_11', opacity=1.0, ori=0.0, pos=array([ 0.5, -0.2]), size=array([0.1, 0.1]), texRes=128, units='height', win=Window(...))
5.7036 	EXP 	Created squaree_3 = ImageStim(__class__=<class 'psychopy.visual.image.ImageStim'>, autoLog=True, color=array([1., 1., 1.]), colorSpace='rgb', contrast=1.0, depth=-7.0, flipHoriz=False, flipVert=False, image='images/square.png', interpolate=True, mask=None, maskParams=None, name='squaree_3', opacity=1.0, ori=0.0, pos=array([ 0.5, -0.2]), size=array([0.15, 0.15]), texRes=128, units='height', win=Window(...))
5.7037 	EXP 	window1: mouseVisible = True
5.7074 	EXP 	Created tree1_12 = ImageStim(__class__=<class 'psychopy.visual.image.ImageStim'>, autoLog=True, color=array([1., 1., 1.]), colorSpace='rgb', contrast=1.0, depth=0.0, flipHoriz=False, flipVert=False, image='images/tree.png', interpolate=True, mask=None, maskParams=None, name='tree1_12', opacity=1.0, ori=0.0, pos=array([0., 0.]), size=array([0.2, 0.2]), texRes=128, units='height', win=Window(...))
5.7110 	EXP 	Created tree2_12 = ImageStim(__class__=<class 'psychopy.visual.image.ImageStim'>, autoLog=True, color=array([1., 1., 1.]), colorSpace='rgb', contrast=1.0, depth=-1.0, flipHoriz=False, flipVert=False, image='images/tree.png', interpolate=True, mask=None, maskParams=None, name='tree2_12', opacity=1.0, ori=0.0, pos=array([0., 0.]), size=array([0.2, 0.2]), texRes=128, units='height', win=Window(...))
5.7145 	EXP 	Created tree3_12 = ImageStim(__class__=<class 'psychopy.visual.image.ImageStim'>, autoLog=True, color=array([1., 1., 1.]), colorSpace='rgb', contrast=1.0, depth=-2.0, flipHoriz=False, flipVert=False, image='images/tree.png', interpolate=True, mask=None, maskParams=None, name='tree3_12', opacity=1.0, ori=0.0, pos=array([0., 0.]), size=array([0.2, 0.2]), texRes=128, units='height', win=Window(...))
5.7192 	EXP 	Created tree4_12 = ImageStim(__class__=<class 'psychopy.visual.image.ImageStim'>, autoLog=True, color=array([1., 1., 1.]), colorSpace='rgb', contrast=1.0, depth=-3.0, flipHoriz=False, flipVert=False, image='images/tree.png', interpolate=True, mask=None, maskParams=None, name='tree4_12', opacity=1.0, ori=0.0, pos=array([0., 0.]), size=array([0.2, 0.2]), texRes=128, units='height', win=Window(...))
5.7387 	EXP 	Created circle2 = ImageStim(__class__=<class 'psychopy.visual.image.ImageStim'>, autoLog=True, color=array([1., 1., 1.]), colorSpace='rgb', contrast=1.0, depth=-4.0, flipHoriz=False, flipVert=False, image='images/hollow.png', interpolate=True, mask=None, maskParams=None, name='circle2', opacity=1.0, ori=0.0, pos=array([ 0. , -0.2]), size=array([0.2, 0.2]), texRes=128, units='height', win=Window(...))
5.7415 	EXP 	Created wait_3 = TextStim(__class__=<class 'psychopy.visual.text.TextStim'>, alignHoriz=method-wrapper(...), alignText='center', alignVert=method-wrapper(...), anchorHoriz='center', anchorVert='center', antialias=True, autoLog=True, bold=False, color='black', colorSpace='named', contrast=1.0, depth=-5.0, flipHoriz=False, flipVert=False, font='Arial', fontFiles=[], height=0.02, italic=False, languageStyle='LTR', name='wait_3', opacity=1.0, ori=0, pos=array([-0.6 , -0.08]), rgb=array([0., 0., 0.]), text='default text', units='height', win=Window(...), wrapWidth=1)
5.7469 	EXP 	Created forward_2 = ImageStim(__class__=<class 'psychopy.visual.image.ImageStim'>, autoLog=True, color=array([1., 1., 1.]), colorSpace='rgb', contrast=1.0, depth=-6.0, flipHoriz=False, flipVert=False, image='images/arrow.png', interpolate=True, mask=None, maskParams=None, name='forward_2', opacity=1.0, ori=0.0, pos=array([ 0.5, -0.2]), size=array([0.1, 0.1]), texRes=128, units='height', win=Window(...))
5.7533 	EXP 	Created squaree_2 = ImageStim(__class__=<class 'psychopy.visual.image.ImageStim'>, autoLog=True, color=array([1., 1., 1.]), colorSpace='rgb', contrast=1.0, depth=-7.0, flipHoriz=False, flipVert=False, image='images/square.png', interpolate=True, mask=None, maskParams=None, name='squaree_2', opacity=1.0, ori=0.0, pos=array([ 0.5, -0.2]), size=array([0.15, 0.15]), texRes=128, units='height', win=Window(...))
5.7908 	EXP 	Created gcircle = ImageStim(__class__=<class 'psychopy.visual.image.ImageStim'>, autoLog=True, color=array([1., 1., 1.]), colorSpace='rgb', contrast=1.0, depth=-8.0, flipHoriz=False, flipVert=False, image='images/gcircle.png', interpolate=True, mask=None, maskParams=None, name='gcircle', opacity=1.0, ori=0.0, pos=array([ 0. , -0.2]), size=array([0.15, 0.15]), texRes=128, units='height', win=Window(...))
5.7949 	EXP 	Created tree1_4 = ImageStim(__class__=<class 'psychopy.visual.image.ImageStim'>, autoLog=True, color=array([1., 1., 1.]), colorSpace='rgb', contrast=1.0, depth=0.0, flipHoriz=False, flipVert=False, image='images/tree.png', interpolate=True, mask=None, maskParams=None, name='tree1_4', opacity=1.0, ori=0.0, pos=array([0., 0.]), size=array([0.2, 0.2]), texRes=128, units='height', win=Window(...))
5.7985 	EXP 	Created tree2_4 = ImageStim(__class__=<class 'psychopy.visual.image.ImageStim'>, autoLog=True, color=array([1., 1., 1.]), colorSpace='rgb', contrast=1.0, depth=-1.0, flipHoriz=False, flipVert=False, image='images/tree.png', interpolate=True, mask=None, maskParams=None, name='tree2_4', opacity=1.0, ori=0.0, pos=array([0., 0.]), size=array([0.2, 0.2]), texRes=128, units='height', win=Window(...))
5.8027 	EXP 	Created tree3_4 = ImageStim(__class__=<class 'psychopy.visual.image.ImageStim'>, autoLog=True, color=array([1., 1., 1.]), colorSpace='rgb', contrast=1.0, depth=-2.0, flipHoriz=False, flipVert=False, image='images/tree.png', interpolate=True, mask=None, maskParams=None, name='tree3_4', opacity=1.0, ori=0.0, pos=array([0., 0.]), size=array([0.2, 0.2]), texRes=128, units='height', win=Window(...))
5.8080 	EXP 	Created tree4_4 = ImageStim(__class__=<class 'psychopy.visual.image.ImageStim'>, autoLog=True, color=array([1., 1., 1.]), colorSpace='rgb', contrast=1.0, depth=-3.0, flipHoriz=False, flipVert=False, image='images/tree.png', interpolate=True, mask=None, maskParams=None, name='tree4_4', opacity=1.0, ori=0.0, pos=array([0., 0.]), size=array([0.2, 0.2]), texRes=128, units='height', win=Window(...))
5.8265 	EXP 	Created circle3 = ImageStim(__class__=<class 'psychopy.visual.image.ImageStim'>, autoLog=True, color=array([1., 1., 1.]), colorSpace='rgb', contrast=1.0, depth=-4.0, flipHoriz=False, flipVert=False, image='images/hollow.png', interpolate=True, mask=None, maskParams=None, name='circle3', opacity=1.0, ori=0.0, pos=array([ 0. , -0.2]), size=array([0.2, 0.2]), texRes=128, units='height', win=Window(...))
5.8286 	EXP 	Created reward_2 = TextStim(__class__=<class 'psychopy.visual.text.TextStim'>, alignHoriz=method-wrapper(...), alignText='center', alignVert=method-wrapper(...), anchorHoriz='center', anchorVert='center', antialias=True, autoLog=True, bold=False, color='green', colorSpace='named', contrast=1.0, depth=-5.0, flipHoriz=False, flipVert=False, font='Arial', fontFiles=[], height=0.05, italic=False, languageStyle='LTR', name='reward_2', opacity=1.0, ori=0, pos=array([-0.6 , -0.08]), rgb=array([  0., 128.,   0.]), text='default text', units='height', win=Window(...), wrapWidth=1)
5.8287 	EXP 	window1: mouseVisible = True
5.8337 	EXP 	Created forward = ImageStim(__class__=<class 'psychopy.visual.image.ImageStim'>, autoLog=True, color=array([1., 1., 1.]), colorSpace='rgb', contrast=1.0, depth=-7.0, flipHoriz=False, flipVert=False, image='images/arrow.png', interpolate=True, mask=None, maskParams=None, name='forward', opacity=1.0, ori=0.0, pos=array([ 0.5, -0.2]), size=array([0.1, 0.1]), texRes=128, units='height', win=Window(...))
5.8340 	EXP 	window1: mouseVisible = True
5.8760 	EXP 	Created gcircle_2 = ImageStim(__class__=<class 'psychopy.visual.image.ImageStim'>, autoLog=True, color=array([1., 1., 1.]), colorSpace='rgb', contrast=1.0, depth=-10.0, flipHoriz=False, flipVert=False, image='images/gcircle.png', interpolate=True, mask=None, maskParams=None, name='gcircle_2', opacity=1.0, ori=0.0, pos=array([ 0. , -0.2]), size=array([0.12, 0.12]), texRes=128, units='height', win=Window(...))
5.8830 	EXP 	Created skipsq = ImageStim(__class__=<class 'psychopy.visual.image.ImageStim'>, autoLog=True, color=array([1., 1., 1.]), colorSpace='rgb', contrast=1.0, depth=-11.0, flipHoriz=False, flipVert=False, image='images/square.png', interpolate=True, mask=None, maskParams=None, name='skipsq', opacity=1.0, ori=0.0, pos=array([ 0.5, -0.2]), size=array([0.15, 0.15]), texRes=128, units='height', win=Window(...))
5.8871 	EXP 	Created tree1_19 = ImageStim(__class__=<class 'psychopy.visual.image.ImageStim'>, autoLog=True, color=array([1., 1., 1.]), colorSpace='rgb', contrast=1.0, depth=-1.0, flipHoriz=False, flipVert=False, image='images/tree.png', interpolate=True, mask=None, maskParams=None, name='tree1_19', opacity=1.0, ori=0.0, pos=array([0., 0.]), size=array([0.2, 0.2]), texRes=128, units='height', win=Window(...))
5.8916 	EXP 	Created tree2_19 = ImageStim(__class__=<class 'psychopy.visual.image.ImageStim'>, autoLog=True, color=array([1., 1., 1.]), colorSpace='rgb', contrast=1.0, depth=-2.0, flipHoriz=False, flipVert=False, image='images/tree.png', interpolate=True, mask=None, maskParams=None, name='tree2_19', opacity=1.0, ori=0.0, pos=array([0., 0.]), size=array([0.2, 0.2]), texRes=128, units='height', win=Window(...))
5.8968 	EXP 	Created tree3_19 = ImageStim(__class__=<class 'psychopy.visual.image.ImageStim'>, autoLog=True, color=array([1., 1., 1.]), colorSpace='rgb', contrast=1.0, depth=-3.0, flipHoriz=False, flipVert=False, image='images/tree.png', interpolate=True, mask=None, maskParams=None, name='tree3_19', opacity=1.0, ori=0.0, pos=array([0., 0.]), size=array([0.2, 0.2]), texRes=128, units='height', win=Window(...))
5.9009 	EXP 	Created tree4_19 = ImageStim(__class__=<class 'psychopy.visual.image.ImageStim'>, autoLog=True, color=array([1., 1., 1.]), colorSpace='rgb', contrast=1.0, depth=-4.0, flipHoriz=False, flipVert=False, image='images/tree.png', interpolate=True, mask=None, maskParams=None, name='tree4_19', opacity=1.0, ori=0.0, pos=array([0., 0.]), size=array([0.2, 0.2]), texRes=128, units='height', win=Window(...))
5.9210 	EXP 	Created circle4 = ImageStim(__class__=<class 'psychopy.visual.image.ImageStim'>, autoLog=True, color=array([1., 1., 1.]), colorSpace='rgb', contrast=1.0, depth=-5.0, flipHoriz=False, flipVert=False, image='images/hollow.png', interpolate=True, mask=None, maskParams=None, name='circle4', opacity=1.0, ori=0.0, pos=array([ 0. , -0.2]), size=array([0.2, 0.2]), texRes=128, units='height', win=Window(...))
5.9237 	EXP 	Created wait_8 = TextStim(__class__=<class 'psychopy.visual.text.TextStim'>, alignHoriz=method-wrapper(...), alignText='center', alignVert=method-wrapper(...), anchorHoriz='center', anchorVert='center', antialias=True, autoLog=True, bold=False, color='black', colorSpace='named', contrast=1.0, depth=-6.0, flipHoriz=False, flipVert=False, font='Arial', fontFiles=[], height=0.02, italic=False, languageStyle='LTR', name='wait_8', opacity=1.0, ori=0, pos=array([ 0.  , -0.08]), rgb=array([0., 0., 0.]), text='default text', units='height', win=Window(...), wrapWidth=1)
5.9287 	EXP 	Created forward_12 = ImageStim(__class__=<class 'psychopy.visual.image.ImageStim'>, autoLog=True, color=array([1., 1., 1.]), colorSpace='rgb', contrast=1.0, depth=-7.0, flipHoriz=False, flipVert=False, image='images/arrow.png', interpolate=True, mask=None, maskParams=None, name='forward_12', opacity=1.0, ori=0.0, pos=array([ 0.5, -0.2]), size=array([0.1, 0.1]), texRes=128, units='height', win=Window(...))
5.9341 	EXP 	Created squaree_4 = ImageStim(__class__=<class 'psychopy.visual.image.ImageStim'>, autoLog=True, color=array([1., 1., 1.]), colorSpace='rgb', contrast=1.0, depth=-8.0, flipHoriz=False, flipVert=False, image='images/square.png', interpolate=True, mask=None, maskParams=None, name='squaree_4', opacity=1.0, ori=0.0, pos=array([ 0.5, -0.2]), size=array([0.15, 0.15]), texRes=128, units='height', win=Window(...))
5.9626 	EXP 	Created gcircle_3 = ImageStim(__class__=<class 'psychopy.visual.image.ImageStim'>, autoLog=True, color=array([1., 1., 1.]), colorSpace='rgb', contrast=1.0, depth=-9.0, flipHoriz=False, flipVert=False, image='images/gcircle.png', interpolate=True, mask=None, maskParams=None, name='gcircle_3', opacity=1.0, ori=0.0, pos=array([ 0. , -0.2]), size=array([0.15, 0.15]), texRes=128, units='height', win=Window(...))
5.9657 	EXP 	Created reward_7 = TextStim(__class__=<class 'psychopy.visual.text.TextStim'>, alignHoriz=method-wrapper(...), alignText='center', alignVert=method-wrapper(...), anchorHoriz='center', anchorVert='center', antialias=True, autoLog=True, bold=False, color='green', colorSpace='named', contrast=1.0, depth=-10.0, flipHoriz=False, flipVert=False, font='Arial', fontFiles=[], height=0.05, italic=False, languageStyle='LTR', name='reward_7', opacity=1.0, ori=0, pos=array([-0.6 , -0.08]), rgb=array([  0., 128.,   0.]), text='default text', units='height', win=Window(...), wrapWidth=1)
5.9949 	EXP 	Created gcircle_4 = ImageStim(__class__=<class 'psychopy.visual.image.ImageStim'>, autoLog=True, color=array([1., 1., 1.]), colorSpace='rgb', contrast=1.0, depth=-11.0, flipHoriz=False, flipVert=False, image='images/gcircle.png', interpolate=True, mask=None, maskParams=None, name='gcircle_4', opacity=1.0, ori=0.0, pos=array([ 0. , -0.2]), size=array([0.12, 0.12]), texRes=128, units='height', win=Window(...))
5.9993 	EXP 	Created tree1_6 = ImageStim(__class__=<class 'psychopy.visual.image.ImageStim'>, autoLog=True, color=array([1., 1., 1.]), colorSpace='rgb', contrast=1.0, depth=0.0, flipHoriz=False, flipVert=False, image='images/tree.png', interpolate=True, mask=None, maskParams=None, name='tree1_6', opacity=1.0, ori=0.0, pos=array([0., 0.]), size=array([0.2, 0.2]), texRes=128, units='height', win=Window(...))
6.0034 	EXP 	Created tree2_6 = ImageStim(__class__=<class 'psychopy.visual.image.ImageStim'>, autoLog=True, color=array([1., 1., 1.]), colorSpace='rgb', contrast=1.0, depth=-1.0, flipHoriz=False, flipVert=False, image='images/tree.png', interpolate=True, mask=None, maskParams=None, name='tree2_6', opacity=1.0, ori=0.0, pos=array([0., 0.]), size=array([0.2, 0.2]), texRes=128, units='height', win=Window(...))
6.0075 	EXP 	Created tree3_6 = ImageStim(__class__=<class 'psychopy.visual.image.ImageStim'>, autoLog=True, color=array([1., 1., 1.]), colorSpace='rgb', contrast=1.0, depth=-2.0, flipHoriz=False, flipVert=False, image='images/tree.png', interpolate=True, mask=None, maskParams=None, name='tree3_6', opacity=1.0, ori=0.0, pos=array([0., 0.]), size=array([0.2, 0.2]), texRes=128, units='height', win=Window(...))
6.0112 	EXP 	Created tree4_6 = ImageStim(__class__=<class 'psychopy.visual.image.ImageStim'>, autoLog=True, color=array([1., 1., 1.]), colorSpace='rgb', contrast=1.0, depth=-3.0, flipHoriz=False, flipVert=False, image='images/tree.png', interpolate=True, mask=None, maskParams=None, name='tree4_6', opacity=1.0, ori=0.0, pos=array([0., 0.]), size=array([0.2, 0.2]), texRes=128, units='height', win=Window(...))
6.0305 	EXP 	Created circle5 = ImageStim(__class__=<class 'psychopy.visual.image.ImageStim'>, autoLog=True, color=array([1., 1., 1.]), colorSpace='rgb', contrast=1.0, depth=-4.0, flipHoriz=False, flipVert=False, image='images/hollow.png', interpolate=True, mask=None, maskParams=None, name='circle5', opacity=1.0, ori=0.0, pos=array([ 0. , -0.2]), size=array([0.2, 0.2]), texRes=128, units='height', win=Window(...))
6.0363 	EXP 	Created tree1_20 = ImageStim(__class__=<class 'psychopy.visual.image.ImageStim'>, autoLog=True, color=array([1., 1., 1.]), colorSpace='rgb', contrast=1.0, depth=0.0, flipHoriz=False, flipVert=False, image='images/tree.png', interpolate=True, mask=None, maskParams=None, name='tree1_20', opacity=1.0, ori=0.0, pos=array([0., 0.]), size=array([0.2, 0.2]), texRes=128, units='height', win=Window(...))
6.0410 	EXP 	Created tree2_20 = ImageStim(__class__=<class 'psychopy.visual.image.ImageStim'>, autoLog=True, color=array([1., 1., 1.]), colorSpace='rgb', contrast=1.0, depth=-1.0, flipHoriz=False, flipVert=False, image='images/tree.png', interpolate=True, mask=None, maskParams=None, name='tree2_20', opacity=1.0, ori=0.0, pos=array([0., 0.]), size=array([0.2, 0.2]), texRes=128, units='height', win=Window(...))
6.0450 	EXP 	Created tree3_20 = ImageStim(__class__=<class 'psychopy.visual.image.ImageStim'>, autoLog=True, color=array([1., 1., 1.]), colorSpace='rgb', contrast=1.0, depth=-2.0, flipHoriz=False, flipVert=False, image='images/tree.png', interpolate=True, mask=None, maskParams=None, name='tree3_20', opacity=1.0, ori=0.0, pos=array([0., 0.]), size=array([0.2, 0.2]), texRes=128, units='height', win=Window(...))
6.0489 	EXP 	Created tree4_20 = ImageStim(__class__=<class 'psychopy.visual.image.ImageStim'>, autoLog=True, color=array([1., 1., 1.]), colorSpace='rgb', contrast=1.0, depth=-3.0, flipHoriz=False, flipVert=False, image='images/tree.png', interpolate=True, mask=None, maskParams=None, name='tree4_20', opacity=1.0, ori=0.0, pos=array([0., 0.]), size=array([0.2, 0.2]), texRes=128, units='height', win=Window(...))
6.0650 	EXP 	Created circle = ImageStim(__class__=<class 'psychopy.visual.image.ImageStim'>, autoLog=True, color=array([1., 1., 1.]), colorSpace='rgb', contrast=1.0, depth=-4.0, flipHoriz=False, flipVert=False, image='images/hollow.png', interpolate=True, mask=None, maskParams=None, name='circle', opacity=1.0, ori=0.0, pos=array([ 0. , -0.2]), size=array([0.2, 0.2]), texRes=128, units='height', win=Window(...))
6.0707 	EXP 	Created forward_13 = ImageStim(__class__=<class 'psychopy.visual.image.ImageStim'>, autoLog=True, color=array([1., 1., 1.]), colorSpace='rgb', contrast=1.0, depth=-5.0, flipHoriz=False, flipVert=False, image='images/arrow.png', interpolate=True, mask=None, maskParams=None, name='forward_13', opacity=1.0, ori=0.0, pos=array([-0.5, -0.2]), size=array([0.1, 0.1]), texRes=128, units='height', win=Window(...))
6.0708 	EXP 	window1: mouseVisible = True
6.0773 	EXP 	Created tree1_13 = ImageStim(__class__=<class 'psychopy.visual.image.ImageStim'>, autoLog=True, color=array([1., 1., 1.]), colorSpace='rgb', contrast=1.0, depth=0.0, flipHoriz=False, flipVert=False, image='images/tree.png', interpolate=True, mask=None, maskParams=None, name='tree1_13', opacity=1.0, ori=0.0, pos=array([0., 0.]), size=array([0.2, 0.2]), texRes=128, units='height', win=Window(...))
6.0820 	EXP 	Created tree2_13 = ImageStim(__class__=<class 'psychopy.visual.image.ImageStim'>, autoLog=True, color=array([1., 1., 1.]), colorSpace='rgb', contrast=1.0, depth=-1.0, flipHoriz=False, flipVert=False, image='images/tree.png', interpolate=True, mask=None, maskParams=None, name='tree2_13', opacity=1.0, ori=0.0, pos=array([0., 0.]), size=array([0.2, 0.2]), texRes=128, units='height', win=Window(...))
6.0863 	EXP 	Created tree3_13 = ImageStim(__class__=<class 'psychopy.visual.image.ImageStim'>, autoLog=True, color=array([1., 1., 1.]), colorSpace='rgb', contrast=1.0, depth=-2.0, flipHoriz=False, flipVert=False, image='images/tree.png', interpolate=True, mask=None, maskParams=None, name='tree3_13', opacity=1.0, ori=0.0, pos=array([0., 0.]), size=array([0.2, 0.2]), texRes=128, units='height', win=Window(...))
6.0924 	EXP 	Created tree4_13 = ImageStim(__class__=<class 'psychopy.visual.image.ImageStim'>, autoLog=True, color=array([1., 1., 1.]), colorSpace='rgb', contrast=1.0, depth=-3.0, flipHoriz=False, flipVert=False, image='images/tree.png', interpolate=True, mask=None, maskParams=None, name='tree4_13', opacity=1.0, ori=0.0, pos=array([0., 0.]), size=array([0.2, 0.2]), texRes=128, units='height', win=Window(...))
6.1105 	EXP 	Created circle6 = ImageStim(__class__=<class 'psychopy.visual.image.ImageStim'>, autoLog=True, color=array([1., 1., 1.]), colorSpace='rgb', contrast=1.0, depth=-4.0, flipHoriz=False, flipVert=False, image='images/hollow.png', interpolate=True, mask=None, maskParams=None, name='circle6', opacity=1.0, ori=0.0, pos=array([ 0. , -0.2]), size=array([0.2, 0.2]), texRes=128, units='height', win=Window(...))
6.1128 	EXP 	Created wait = TextStim(__class__=<class 'psychopy.visual.text.TextStim'>, alignHoriz=method-wrapper(...), alignText='center', alignVert=method-wrapper(...), anchorHoriz='center', anchorVert='center', antialias=True, autoLog=True, bold=False, color='black', colorSpace='named', contrast=1.0, depth=-5.0, flipHoriz=False, flipVert=False, font='Arial', fontFiles=[], height=0.02, italic=False, languageStyle='LTR', name='wait', opacity=1.0, ori=0, pos=array([ 0.6 , -0.08]), rgb=array([0., 0., 0.]), text='default text', units='height', win=Window(...), wrapWidth=1)
6.1198 	EXP 	Created forward_3 = ImageStim(__class__=<class 'psychopy.visual.image.ImageStim'>, autoLog=True, color=array([1., 1., 1.]), colorSpace='rgb', contrast=1.0, depth=-6.0, flipHoriz=False, flipVert=False, image='images/arrow.png', interpolate=True, mask=None, maskParams=None, name='forward_3', opacity=1.0, ori=0.0, pos=array([-0.5, -0.2]), size=array([0.1, 0.1]), texRes=128, units='height', win=Window(...))
6.1246 	EXP 	Created tree1_5 = ImageStim(__class__=<class 'psychopy.visual.image.ImageStim'>, autoLog=True, color=array([1., 1., 1.]), colorSpace='rgb', contrast=1.0, depth=0.0, flipHoriz=False, flipVert=False, image='images/tree.png', interpolate=True, mask=None, maskParams=None, name='tree1_5', opacity=1.0, ori=0.0, pos=array([0., 0.]), size=array([0.2, 0.2]), texRes=128, units='height', win=Window(...))
6.1289 	EXP 	Created tree2_5 = ImageStim(__class__=<class 'psychopy.visual.image.ImageStim'>, autoLog=True, color=array([1., 1., 1.]), colorSpace='rgb', contrast=1.0, depth=-1.0, flipHoriz=False, flipVert=False, image='images/tree.png', interpolate=True, mask=None, maskParams=None, name='tree2_5', opacity=1.0, ori=0.0, pos=array([0., 0.]), size=array([0.2, 0.2]), texRes=128, units='height', win=Window(...))
6.1327 	EXP 	Created tree3_5 = ImageStim(__class__=<class 'psychopy.visual.image.ImageStim'>, autoLog=True, color=array([1., 1., 1.]), colorSpace='rgb', contrast=1.0, depth=-2.0, flipHoriz=False, flipVert=False, image='images/tree.png', interpolate=True, mask=None, maskParams=None, name='tree3_5', opacity=1.0, ori=0.0, pos=array([0., 0.]), size=array([0.2, 0.2]), texRes=128, units='height', win=Window(...))
6.1368 	EXP 	Created tree4_5 = ImageStim(__class__=<class 'psychopy.visual.image.ImageStim'>, autoLog=True, color=array([1., 1., 1.]), colorSpace='rgb', contrast=1.0, depth=-3.0, flipHoriz=False, flipVert=False, image='images/tree.png', interpolate=True, mask=None, maskParams=None, name='tree4_5', opacity=1.0, ori=0.0, pos=array([0., 0.]), size=array([0.2, 0.2]), texRes=128, units='height', win=Window(...))
6.1528 	EXP 	Created circle_5 = ImageStim(__class__=<class 'psychopy.visual.image.ImageStim'>, autoLog=True, color=array([1., 1., 1.]), colorSpace='rgb', contrast=1.0, depth=-4.0, flipHoriz=False, flipVert=False, image='images/hollow.png', interpolate=True, mask=None, maskParams=None, name='circle_5', opacity=1.0, ori=0.0, pos=array([ 0. , -0.2]), size=array([0.2, 0.2]), texRes=128, units='height', win=Window(...))
6.1553 	EXP 	Created reward_3 = TextStim(__class__=<class 'psychopy.visual.text.TextStim'>, alignHoriz=method-wrapper(...), alignText='center', alignVert=method-wrapper(...), anchorHoriz='center', anchorVert='center', antialias=True, autoLog=True, bold=False, color='green', colorSpace='named', contrast=1.0, depth=-5.0, flipHoriz=False, flipVert=False, font='Arial', fontFiles=[], height=0.05, italic=False, languageStyle='LTR', name='reward_3', opacity=1.0, ori=0, pos=array([ 0.6 , -0.08]), rgb=array([  0., 128.,   0.]), text='default text', units='height', win=Window(...), wrapWidth=1)
6.1605 	EXP 	Created forward_7 = ImageStim(__class__=<class 'psychopy.visual.image.ImageStim'>, autoLog=True, color=array([1., 1., 1.]), colorSpace='rgb', contrast=1.0, depth=-6.0, flipHoriz=False, flipVert=False, image='images/arrow.png', interpolate=True, mask=None, maskParams=None, name='forward_7', opacity=1.0, ori=0.0, pos=array([-0.5, -0.2]), size=array([0.1, 0.1]), texRes=128, units='height', win=Window(...))
6.1605 	EXP 	window1: mouseVisible = True
6.1660 	EXP 	Created skipsq_2 = ImageStim(__class__=<class 'psychopy.visual.image.ImageStim'>, autoLog=True, color=array([1., 1., 1.]), colorSpace='rgb', contrast=1.0, depth=-8.0, flipHoriz=False, flipVert=False, image='images/square.png', interpolate=True, mask=None, maskParams=None, name='skipsq_2', opacity=1.0, ori=0.0, pos=array([-0.5, -0.2]), size=array([0.15, 0.15]), texRes=128, units='height', win=Window(...))
6.1946 	EXP 	Created gcircle_5 = ImageStim(__class__=<class 'psychopy.visual.image.ImageStim'>, autoLog=True, color=array([1., 1., 1.]), colorSpace='rgb', contrast=1.0, depth=-9.0, flipHoriz=False, flipVert=False, image='images/gcircle.png', interpolate=True, mask=None, maskParams=None, name='gcircle_5', opacity=1.0, ori=0.0, pos=array([ 0. , -0.2]), size=array([0.12, 0.12]), texRes=128, units='height', win=Window(...))
6.1990 	EXP 	Created tree1_21 = ImageStim(__class__=<class 'psychopy.visual.image.ImageStim'>, autoLog=True, color=array([1., 1., 1.]), colorSpace='rgb', contrast=1.0, depth=-1.0, flipHoriz=False, flipVert=False, image='images/tree.png', interpolate=True, mask=None, maskParams=None, name='tree1_21', opacity=1.0, ori=0.0, pos=array([0., 0.]), size=array([0.2, 0.2]), texRes=128, units='height', win=Window(...))
6.2031 	EXP 	Created tree2_21 = ImageStim(__class__=<class 'psychopy.visual.image.ImageStim'>, autoLog=True, color=array([1., 1., 1.]), colorSpace='rgb', contrast=1.0, depth=-2.0, flipHoriz=False, flipVert=False, image='images/tree.png', interpolate=True, mask=None, maskParams=None, name='tree2_21', opacity=1.0, ori=0.0, pos=array([0., 0.]), size=array([0.2, 0.2]), texRes=128, units='height', win=Window(...))
6.2071 	EXP 	Created tree3_21 = ImageStim(__class__=<class 'psychopy.visual.image.ImageStim'>, autoLog=True, color=array([1., 1., 1.]), colorSpace='rgb', contrast=1.0, depth=-3.0, flipHoriz=False, flipVert=False, image='images/tree.png', interpolate=True, mask=None, maskParams=None, name='tree3_21', opacity=1.0, ori=0.0, pos=array([0., 0.]), size=array([0.2, 0.2]), texRes=128, units='height', win=Window(...))
6.2108 	EXP 	Created tree4_21 = ImageStim(__class__=<class 'psychopy.visual.image.ImageStim'>, autoLog=True, color=array([1., 1., 1.]), colorSpace='rgb', contrast=1.0, depth=-4.0, flipHoriz=False, flipVert=False, image='images/tree.png', interpolate=True, mask=None, maskParams=None, name='tree4_21', opacity=1.0, ori=0.0, pos=array([0., 0.]), size=array([0.2, 0.2]), texRes=128, units='height', win=Window(...))
6.2304 	EXP 	Created circle_6 = ImageStim(__class__=<class 'psychopy.visual.image.ImageStim'>, autoLog=True, color=array([1., 1., 1.]), colorSpace='rgb', contrast=1.0, depth=-5.0, flipHoriz=False, flipVert=False, image='images/hollow.png', interpolate=True, mask=None, maskParams=None, name='circle_6', opacity=1.0, ori=0.0, pos=array([ 0. , -0.2]), size=array([0.2, 0.2]), texRes=128, units='height', win=Window(...))
6.2325 	EXP 	Created reward_9 = TextStim(__class__=<class 'psychopy.visual.text.TextStim'>, alignHoriz=method-wrapper(...), alignText='center', alignVert=method-wrapper(...), anchorHoriz='center', anchorVert='center', antialias=True, autoLog=True, bold=False, color='green', colorSpace='named', contrast=1.0, depth=-6.0, flipHoriz=False, flipVert=False, font='Arial', fontFiles=[], height=0.05, italic=False, languageStyle='LTR', name='reward_9', opacity=1.0, ori=0, pos=array([ 0.6 , -0.08]), rgb=array([  0., 128.,   0.]), text='default text', units='height', win=Window(...), wrapWidth=1)
6.2383 	EXP 	Created forward_15 = ImageStim(__class__=<class 'psychopy.visual.image.ImageStim'>, autoLog=True, color=array([1., 1., 1.]), colorSpace='rgb', contrast=1.0, depth=-7.0, flipHoriz=False, flipVert=False, image='images/arrow.png', interpolate=True, mask=None, maskParams=None, name='forward_15', opacity=1.0, ori=0.0, pos=array([-0.5, -0.2]), size=array([0.1, 0.1]), texRes=128, units='height', win=Window(...))
6.2439 	EXP 	Created tree1_22 = ImageStim(__class__=<class 'psychopy.visual.image.ImageStim'>, autoLog=True, color=array([1., 1., 1.]), colorSpace='rgb', contrast=1.0, depth=0.0, flipHoriz=False, flipVert=False, image='images/tree.png', interpolate=True, mask=None, maskParams=None, name='tree1_22', opacity=1.0, ori=0.0, pos=array([0., 0.]), size=array([0.2, 0.2]), texRes=128, units='height', win=Window(...))
6.2480 	EXP 	Created tree2_22 = ImageStim(__class__=<class 'psychopy.visual.image.ImageStim'>, autoLog=True, color=array([1., 1., 1.]), colorSpace='rgb', contrast=1.0, depth=-1.0, flipHoriz=False, flipVert=False, image='images/tree.png', interpolate=True, mask=None, maskParams=None, name='tree2_22', opacity=1.0, ori=0.0, pos=array([0., 0.]), size=array([0.2, 0.2]), texRes=128, units='height', win=Window(...))
6.2525 	EXP 	Created tree3_22 = ImageStim(__class__=<class 'psychopy.visual.image.ImageStim'>, autoLog=True, color=array([1., 1., 1.]), colorSpace='rgb', contrast=1.0, depth=-2.0, flipHoriz=False, flipVert=False, image='images/tree.png', interpolate=True, mask=None, maskParams=None, name='tree3_22', opacity=1.0, ori=0.0, pos=array([0., 0.]), size=array([0.2, 0.2]), texRes=128, units='height', win=Window(...))
6.2568 	EXP 	Created tree4_22 = ImageStim(__class__=<class 'psychopy.visual.image.ImageStim'>, autoLog=True, color=array([1., 1., 1.]), colorSpace='rgb', contrast=1.0, depth=-3.0, flipHoriz=False, flipVert=False, image='images/tree.png', interpolate=True, mask=None, maskParams=None, name='tree4_22', opacity=1.0, ori=0.0, pos=array([0., 0.]), size=array([0.2, 0.2]), texRes=128, units='height', win=Window(...))
6.2738 	EXP 	Created circle5_2 = ImageStim(__class__=<class 'psychopy.visual.image.ImageStim'>, autoLog=True, color=array([1., 1., 1.]), colorSpace='rgb', contrast=1.0, depth=-4.0, flipHoriz=False, flipVert=False, image='images/hollow.png', interpolate=True, mask=None, maskParams=None, name='circle5_2', opacity=1.0, ori=0.0, pos=array([ 0. , -0.2]), size=array([0.2, 0.2]), texRes=128, units='height', win=Window(...))
6.2772 	EXP 	Created text = TextStim(__class__=<class 'psychopy.visual.text.TextStim'>, alignHoriz=method-wrapper(...), alignText='center', alignVert=method-wrapper(...), anchorHoriz='center', anchorVert='center', antialias=True, autoLog=True, bold=False, color='black', colorSpace='named', contrast=1.0, depth=0.0, flipHoriz=False, flipVert=False, font='Arial', fontFiles=[], height=0.05, italic=False, languageStyle='LTR', name='text', opacity=1.0, ori=0, pos=array([0., 0.]), rgb=array([0., 0., 0.]), text='The end~', units='height', win=Window(...), wrapWidth=1)
6.2814 	EXP 	Created tree1_8 = ImageStim(__class__=<class 'psychopy.visual.image.ImageStim'>, autoLog=True, color=array([1., 1., 1.]), colorSpace='rgb', contrast=1.0, depth=0.0, flipHoriz=False, flipVert=False, image='images/tree.png', interpolate=True, mask=None, maskParams=None, name='tree1_8', opacity=1.0, ori=0.0, pos=array([0., 0.]), size=array([0.2, 0.2]), texRes=128, units='height', win=Window(...))
6.2859 	EXP 	Created tree2_8 = ImageStim(__class__=<class 'psychopy.visual.image.ImageStim'>, autoLog=True, color=array([1., 1., 1.]), colorSpace='rgb', contrast=1.0, depth=-1.0, flipHoriz=False, flipVert=False, image='images/tree.png', interpolate=True, mask=None, maskParams=None, name='tree2_8', opacity=1.0, ori=0.0, pos=array([0., 0.]), size=array([0.2, 0.2]), texRes=128, units='height', win=Window(...))
6.2901 	EXP 	Created tree3_8 = ImageStim(__class__=<class 'psychopy.visual.image.ImageStim'>, autoLog=True, color=array([1., 1., 1.]), colorSpace='rgb', contrast=1.0, depth=-2.0, flipHoriz=False, flipVert=False, image='images/tree.png', interpolate=True, mask=None, maskParams=None, name='tree3_8', opacity=1.0, ori=0.0, pos=array([0., 0.]), size=array([0.2, 0.2]), texRes=128, units='height', win=Window(...))
6.2939 	EXP 	Created tree4_8 = ImageStim(__class__=<class 'psychopy.visual.image.ImageStim'>, autoLog=True, color=array([1., 1., 1.]), colorSpace='rgb', contrast=1.0, depth=-3.0, flipHoriz=False, flipVert=False, image='images/tree.png', interpolate=True, mask=None, maskParams=None, name='tree4_8', opacity=1.0, ori=0.0, pos=array([0., 0.]), size=array([0.2, 0.2]), texRes=128, units='height', win=Window(...))
6.3105 	EXP 	Created square_8 = ImageStim(__class__=<class 'psychopy.visual.image.ImageStim'>, autoLog=True, color=array([1., 1., 1.]), colorSpace='rgb', contrast=1.0, depth=-4.0, flipHoriz=False, flipVert=False, image='images/hollow.png', interpolate=True, mask=None, maskParams=None, name='square_8', opacity=1.0, ori=0.0, pos=array([ 0. , -0.2]), size=array([0.25, 0.25]), texRes=128, units='height', win=Window(...))
6.3124 	EXP 	Created text = TextStim(__class__=<class 'psychopy.visual.text.TextStim'>, alignHoriz=method-wrapper(...), alignText='center', alignVert=method-wrapper(...), anchorHoriz='center', anchorVert='center', antialias=True, autoLog=True, bold=False, color='black', colorSpace='named', contrast=1.0, depth=0.0, flipHoriz=False, flipVert=False, font='Arial', fontFiles=[], height=0.05, italic=False, languageStyle='LTR', name='text', opacity=1.0, ori=0, pos=array([0., 0.]), rgb=array([0., 0., 0.]), text='The end~', units='height', win=Window(...), wrapWidth=1)
6.3330 	EXP 	introtext: autoDraw = True
7.3326 	EXP 	Created sequence: random, trialTypes=1, nReps=3, seed=None
7.3329 	EXP 	New trial (rep=0, index=0): None
7.3677 	EXP 	Imported reward.xlsx as conditions, 13 conditions, 5 params
7.3679 	EXP 	Created sequence: sequential, trialTypes=13, nReps=1, seed=None
7.3682 	EXP 	New trial (rep=0, index=0): OrderedDict([('rewardval1', 7.5), ('rewardval2', 7.3), ('rewardval3', 7.6), ('rewardval4', 7.1), ('rewardval5', 7.4)])
7.3963 	EXP 	introtext: autoDraw = False
7.3963 	EXP 	tree1_18: pos = array([-0.5, -0.2])
7.3963 	EXP 	tree2_18: pos = array([0.5, 0.2])
7.3963 	EXP 	tree3_18: pos = array([-0.5,  0.6])
7.3963 	EXP 	tree4_18: pos = array([ 0.5, -0.6])
7.3963 	EXP 	wait_7: text = 'wait'
7.3963 	EXP 	tree1_18: autoDraw = True
7.3963 	EXP 	tree2_18: autoDraw = True
7.3963 	EXP 	tree2_18: autoDraw = False
7.3963 	EXP 	tree3_18: autoDraw = True
7.3963 	EXP 	tree3_18: autoDraw = False
7.3963 	EXP 	tree4_18: autoDraw = True
7.3963 	EXP 	tree4_18: autoDraw = False
7.3963 	EXP 	circle1: autoDraw = True
7.3963 	EXP 	wait_7: autoDraw = True
7.3963 	EXP 	wait_7: autoDraw = False
7.3963 	EXP 	forward_11: autoDraw = True
7.3963 	EXP 	squaree_3: autoDraw = True
7.3963 	EXP 	squaree_3: autoDraw = False
10.3443 	DATA 	Mouse: Left button down, pos=(919,350)
10.4048 	EXP 	tree1_18: autoDraw = False
10.4048 	EXP 	tree2_18: autoDraw = False
10.4048 	EXP 	tree3_18: autoDraw = False
10.4048 	EXP 	tree4_18: autoDraw = False
10.4048 	EXP 	circle1: autoDraw = False
10.4048 	EXP 	wait_7: autoDraw = False
10.4048 	EXP 	forward_11: autoDraw = False
10.4048 	EXP 	squaree_3: autoDraw = False
10.4048 	EXP 	tree1_12: pos = array([-0.5, -0.2])
10.4048 	EXP 	tree2_12: pos = array([0.5, 0.2])
10.4048 	EXP 	tree3_12: pos = array([-0.5,  0.6])
10.4048 	EXP 	tree4_12: pos = array([ 0.5, -0.6])
10.4048 	EXP 	wait_3: text = 'wait'
10.4048 	EXP 	tree1_12: autoDraw = True
10.4048 	EXP 	tree2_12: autoDraw = True
10.4048 	EXP 	tree2_12: autoDraw = False
10.4048 	EXP 	tree3_12: autoDraw = True
10.4048 	EXP 	tree3_12: autoDraw = False
10.4048 	EXP 	tree4_12: autoDraw = True
10.4048 	EXP 	tree4_12: autoDraw = False
10.4048 	EXP 	circle2: autoDraw = True
10.4048 	EXP 	wait_3: autoDraw = True
10.4048 	EXP 	wait_3: autoDraw = False
10.4048 	EXP 	forward_2: autoDraw = True
10.4048 	EXP 	squaree_2: autoDraw = True
10.4048 	EXP 	squaree_2: autoDraw = False
10.4048 	EXP 	gcircle: autoDraw = True
10.4048 	EXP 	gcircle: autoDraw = False
10.5380 	DATA 	Mouse:  Left button up, pos=(919,350)
11.4218 	EXP 	tree1_12: autoDraw = False
11.4218 	EXP 	tree2_12: autoDraw = False
11.4218 	EXP 	tree3_12: autoDraw = False
11.4218 	EXP 	tree4_12: autoDraw = False
11.4218 	EXP 	circle2: autoDraw = False
11.4218 	EXP 	wait_3: autoDraw = False
11.4218 	EXP 	forward_2: autoDraw = False
11.4218 	EXP 	squaree_2: autoDraw = False
11.4218 	EXP 	gcircle: autoDraw = False
11.4218 	EXP 	tree1_4: pos = array([-0.5, -0.2])
11.4218 	EXP 	tree2_4: pos = array([0.5, 0.2])
11.4218 	EXP 	tree3_4: pos = array([-0.5,  0.6])
11.4218 	EXP 	tree4_4: pos = array([ 0.5, -0.6])
11.4218 	EXP 	reward_2: text = 7.5
11.4218 	EXP 	tree1_4: autoDraw = True
11.4218 	EXP 	tree2_4: autoDraw = True
11.4218 	EXP 	tree2_4: autoDraw = False
11.4218 	EXP 	tree3_4: autoDraw = True
11.4218 	EXP 	tree3_4: autoDraw = False
11.4218 	EXP 	tree4_4: autoDraw = True
11.4218 	EXP 	tree4_4: autoDraw = False
11.4218 	EXP 	circle3: autoDraw = True
11.4218 	EXP 	reward_2: autoDraw = True
11.4218 	EXP 	reward_2: autoDraw = False
11.4218 	EXP 	forward: autoDraw = True
11.4218 	EXP 	gcircle_2: autoDraw = True
11.4218 	EXP 	skipsq: autoDraw = True
14.1196 	DATA 	Mouse: Left button down, pos=(432,346)
14.2246 	EXP 	tree1_4: autoDraw = False
14.2246 	EXP 	tree2_4: autoDraw = False
14.2246 	EXP 	tree3_4: autoDraw = False
14.2246 	EXP 	tree4_4: autoDraw = False
14.2246 	EXP 	circle3: autoDraw = False
14.2246 	EXP 	reward_2: autoDraw = False
14.2246 	EXP 	forward: autoDraw = False
14.2246 	EXP 	gcircle_2: autoDraw = False
14.2246 	EXP 	skipsq: autoDraw = False
14.2246 	EXP 	tree1_19: pos = array([-0.5, -0.2])
14.2246 	EXP 	tree2_19: pos = array([0.5, 0.2])
14.2246 	EXP 	tree3_19: pos = array([-0.5,  0.6])
14.2246 	EXP 	tree4_19: pos = array([ 0.5, -0.6])
14.2246 	EXP 	wait_8: text = 'wait'
14.2246 	EXP 	reward_7: text = 7.5
14.2246 	EXP 	tree1_19: autoDraw = True
14.2246 	EXP 	tree2_19: autoDraw = True
14.2246 	EXP 	tree2_19: autoDraw = False
14.2246 	EXP 	tree3_19: autoDraw = True
14.2246 	EXP 	tree3_19: autoDraw = False
14.2246 	EXP 	tree4_19: autoDraw = True
14.2246 	EXP 	tree4_19: autoDraw = False
14.2246 	EXP 	circle4: autoDraw = True
14.2246 	EXP 	wait_8: autoDraw = True
14.2246 	EXP 	wait_8: autoDraw = False
14.2246 	EXP 	forward_12: autoDraw = True
14.2246 	EXP 	squaree_4: autoDraw = True
14.2246 	EXP 	squaree_4: autoDraw = False
14.2246 	EXP 	gcircle_3: autoDraw = True
14.2246 	EXP 	gcircle_3: autoDraw = False
14.2246 	EXP 	reward_7: autoDraw = True
14.2246 	EXP 	gcircle_4: autoDraw = True
14.2972 	DATA 	Mouse:  Left button up, pos=(432,346)
15.1782 	EXP 	New trial (rep=0, index=1): OrderedDict([('rewardval1', 7.1), ('rewardval2', 6.9), ('rewardval3', 7.1), ('rewardval4', 6.6), ('rewardval5', 6.8)])
15.2177 	EXP 	tree1_19: autoDraw = False
15.2177 	EXP 	tree2_19: autoDraw = False
15.2177 	EXP 	tree3_19: autoDraw = False
15.2177 	EXP 	tree4_19: autoDraw = False
15.2177 	EXP 	circle4: autoDraw = False
15.2177 	EXP 	wait_8: autoDraw = False
15.2177 	EXP 	forward_12: autoDraw = False
15.2177 	EXP 	squaree_4: autoDraw = False
15.2177 	EXP 	gcircle_3: autoDraw = False
15.2177 	EXP 	reward_7: autoDraw = False
15.2177 	EXP 	gcircle_4: autoDraw = False
15.2177 	EXP 	tree1_18: pos = array([-0.5, -0.2])
15.2177 	EXP 	tree2_18: pos = array([0.5, 0.2])
15.2177 	EXP 	tree3_18: pos = array([-0.5,  0.6])
15.2177 	EXP 	tree4_18: pos = array([ 0.5, -0.6])
15.2177 	EXP 	wait_7: text = 'wait'
15.2177 	EXP 	tree1_18: autoDraw = True
15.2177 	EXP 	tree2_18: autoDraw = True
15.2177 	EXP 	tree2_18: autoDraw = False
15.2177 	EXP 	tree3_18: autoDraw = True
15.2177 	EXP 	tree3_18: autoDraw = False
15.2177 	EXP 	tree4_18: autoDraw = True
15.2177 	EXP 	tree4_18: autoDraw = False
15.2177 	EXP 	circle1: autoDraw = True
15.2177 	EXP 	wait_7: autoDraw = True
15.2177 	EXP 	wait_7: autoDraw = False
15.2177 	EXP 	forward_11: autoDraw = True
15.2177 	EXP 	squaree_3: autoDraw = True
15.2177 	EXP 	squaree_3: autoDraw = False
15.2963 	DATA 	Mouse: Left button down, pos=(982,330)
15.3669 	EXP 	tree1_18: autoDraw = False
15.3669 	EXP 	tree2_18: autoDraw = False
15.3669 	EXP 	tree3_18: autoDraw = False
15.3669 	EXP 	tree4_18: autoDraw = False
15.3669 	EXP 	circle1: autoDraw = False
15.3669 	EXP 	wait_7: autoDraw = False
15.3669 	EXP 	forward_11: autoDraw = False
15.3669 	EXP 	squaree_3: autoDraw = False
15.3669 	EXP 	tree1_12: pos = array([-0.5, -0.2])
15.3669 	EXP 	tree2_12: pos = array([0.5, 0.2])
15.3669 	EXP 	tree3_12: pos = array([-0.5,  0.6])
15.3669 	EXP 	tree4_12: pos = array([ 0.5, -0.6])
15.3669 	EXP 	wait_3: text = 'wait'
15.3669 	EXP 	tree1_12: autoDraw = True
15.3669 	EXP 	tree2_12: autoDraw = True
15.3669 	EXP 	tree2_12: autoDraw = False
15.3669 	EXP 	tree3_12: autoDraw = True
15.3669 	EXP 	tree3_12: autoDraw = False
15.3669 	EXP 	tree4_12: autoDraw = True
15.3669 	EXP 	tree4_12: autoDraw = False
15.3669 	EXP 	circle2: autoDraw = True
15.3669 	EXP 	wait_3: autoDraw = True
15.3669 	EXP 	wait_3: autoDraw = False
15.3669 	EXP 	forward_2: autoDraw = True
15.3669 	EXP 	squaree_2: autoDraw = True
15.3669 	EXP 	squaree_2: autoDraw = False
15.3669 	EXP 	gcircle: autoDraw = True
15.3669 	EXP 	gcircle: autoDraw = False
15.4763 	DATA 	Mouse:  Left button up, pos=(982,330)
15.9640 	DATA 	Mouse: Left button down, pos=(982,330)
16.1277 	DATA 	Mouse:  Left button up, pos=(982,330)
16.3994 	EXP 	tree1_12: autoDraw = False
16.3994 	EXP 	tree2_12: autoDraw = False
16.3994 	EXP 	tree3_12: autoDraw = False
16.3994 	EXP 	tree4_12: autoDraw = False
16.3994 	EXP 	circle2: autoDraw = False
16.3994 	EXP 	wait_3: autoDraw = False
16.3994 	EXP 	forward_2: autoDraw = False
16.3994 	EXP 	squaree_2: autoDraw = False
16.3994 	EXP 	gcircle: autoDraw = False
16.3994 	EXP 	tree1_4: pos = array([-0.5, -0.2])
16.3994 	EXP 	tree2_4: pos = array([0.5, 0.2])
16.3994 	EXP 	tree3_4: pos = array([-0.5,  0.6])
16.3994 	EXP 	tree4_4: pos = array([ 0.5, -0.6])
16.3994 	EXP 	reward_2: text = 7.1
16.3994 	EXP 	tree1_4: autoDraw = True
16.3994 	EXP 	tree2_4: autoDraw = True
16.3994 	EXP 	tree2_4: autoDraw = False
16.3994 	EXP 	tree3_4: autoDraw = True
16.3994 	EXP 	tree3_4: autoDraw = False
16.3994 	EXP 	tree4_4: autoDraw = True
16.3994 	EXP 	tree4_4: autoDraw = False
16.3994 	EXP 	circle3: autoDraw = True
16.3994 	EXP 	reward_2: autoDraw = True
16.3994 	EXP 	reward_2: autoDraw = False
16.3994 	EXP 	forward: autoDraw = True
16.3994 	EXP 	gcircle_2: autoDraw = True
16.3994 	EXP 	skipsq: autoDraw = True
17.7166 	DATA 	Mouse: Left button down, pos=(1444,382)
17.7937 	EXP 	Imported pos.xlsx as conditions, 41 conditions, 2 params
17.7941 	EXP 	Created sequence: sequential, trialTypes=41, nReps=1, seed=None
17.7943 	EXP 	New trial (rep=0, index=0): OrderedDict([('tree1_n', -0.2), ('tree2_p', -0.6)])
17.8331 	EXP 	tree1_4: autoDraw = False
17.8331 	EXP 	tree2_4: autoDraw = False
17.8331 	EXP 	tree3_4: autoDraw = False
17.8331 	EXP 	tree4_4: autoDraw = False
17.8331 	EXP 	circle3: autoDraw = False
17.8331 	EXP 	reward_2: autoDraw = False
17.8331 	EXP 	forward: autoDraw = False
17.8331 	EXP 	gcircle_2: autoDraw = False
17.8331 	EXP 	skipsq: autoDraw = False
17.8331 	EXP 	tree1_19: pos = array([-0.5, -0.2])
17.8331 	EXP 	tree2_19: pos = array([0.5, 0.2])
17.8331 	EXP 	tree3_19: pos = array([-0.5,  0.6])
17.8331 	EXP 	tree4_19: pos = array([ 0.5, -0.6])
17.8331 	EXP 	wait_8: text = 'wait'
17.8331 	EXP 	reward_7: text = 7.1
17.8331 	EXP 	tree1_19: autoDraw = False
17.8331 	EXP 	tree2_19: autoDraw = False
17.8331 	EXP 	tree3_19: autoDraw = False
17.8331 	EXP 	tree4_19: autoDraw = False
17.8331 	EXP 	circle4: autoDraw = False
17.8331 	EXP 	wait_8: autoDraw = False
17.8331 	EXP 	forward_12: autoDraw = False
17.8331 	EXP 	squaree_4: autoDraw = False
17.8331 	EXP 	gcircle_3: autoDraw = False
17.8331 	EXP 	reward_7: autoDraw = False
17.8331 	EXP 	gcircle_4: autoDraw = False
17.8331 	EXP 	tree1_6: pos = array([-0.5, -0.2])
17.8331 	EXP 	tree2_6: pos = array([ 0.5, -0.6])
17.8331 	EXP 	tree3_6: pos = array([-0.5,  0. ])
17.8331 	EXP 	tree4_6: pos = array([0.5, 0. ])
17.8331 	EXP 	tree1_6: autoDraw = True
17.8331 	EXP 	tree2_6: autoDraw = True
17.8331 	EXP 	tree3_6: autoDraw = True
17.8331 	EXP 	tree3_6: autoDraw = False
17.8331 	EXP 	tree4_6: autoDraw = True
17.8331 	EXP 	tree4_6: autoDraw = False
17.8331 	EXP 	circle5: autoDraw = True
17.9021 	DATA 	Mouse:  Left button up, pos=(1444,382)
17.9833 	EXP 	New trial (rep=0, index=1): OrderedDict([('tree1_n', -0.21), ('tree2_p', -0.6)])
18.0241 	EXP 	tree1_6: autoDraw = False
18.0241 	EXP 	tree2_6: autoDraw = False
18.0241 	EXP 	circle5: autoDraw = False
18.0241 	EXP 	tree1_6: autoDraw = False
18.0241 	EXP 	tree2_6: autoDraw = False
18.0241 	EXP 	tree3_6: autoDraw = False
18.0241 	EXP 	tree4_6: autoDraw = False
18.0241 	EXP 	circle5: autoDraw = False
18.0241 	EXP 	tree1_6: pos = array([-0.5 , -0.21])
18.0241 	EXP 	tree2_6: pos = array([ 0.5, -0.6])
18.0241 	EXP 	tree3_6: pos = array([-0.5,  0. ])
18.0241 	EXP 	tree4_6: pos = array([0.5, 0. ])
18.0241 	EXP 	tree1_6: autoDraw = True
18.0241 	EXP 	tree2_6: autoDraw = True
18.0241 	EXP 	tree3_6: autoDraw = True
18.0241 	EXP 	tree3_6: autoDraw = False
18.0241 	EXP 	tree4_6: autoDraw = True
18.0241 	EXP 	tree4_6: autoDraw = False
18.0241 	EXP 	circle5: autoDraw = True
18.1777 	EXP 	New trial (rep=0, index=2): OrderedDict([('tree1_n', -0.22), ('tree2_p', -0.6)])
18.2214 	EXP 	tree1_6: autoDraw = False
18.2214 	EXP 	tree2_6: autoDraw = False
18.2214 	EXP 	circle5: autoDraw = False
18.2214 	EXP 	tree1_6: autoDraw = False
18.2214 	EXP 	tree2_6: autoDraw = False
18.2214 	EXP 	tree3_6: autoDraw = False
18.2214 	EXP 	tree4_6: autoDraw = False
18.2214 	EXP 	circle5: autoDraw = False
18.2214 	EXP 	tree1_6: pos = array([-0.5 , -0.22])
18.2214 	EXP 	tree2_6: pos = array([ 0.5, -0.6])
18.2214 	EXP 	tree3_6: pos = array([-0.5,  0. ])
18.2214 	EXP 	tree4_6: pos = array([0.5, 0. ])
18.2214 	EXP 	tree1_6: autoDraw = True
18.2214 	EXP 	tree2_6: autoDraw = True
18.2214 	EXP 	tree3_6: autoDraw = True
18.2214 	EXP 	tree3_6: autoDraw = False
18.2214 	EXP 	tree4_6: autoDraw = True
18.2214 	EXP 	tree4_6: autoDraw = False
18.2214 	EXP 	circle5: autoDraw = True
18.3392 	EXP 	New trial (rep=0, index=3): OrderedDict([('tree1_n', -0.23), ('tree2_p', -0.6)])
18.3830 	EXP 	tree1_6: autoDraw = False
18.3830 	EXP 	tree2_6: autoDraw = False
18.3830 	EXP 	circle5: autoDraw = False
18.3830 	EXP 	tree1_6: autoDraw = False
18.3830 	EXP 	tree2_6: autoDraw = False
18.3830 	EXP 	tree3_6: autoDraw = False
18.3830 	EXP 	tree4_6: autoDraw = False
18.3830 	EXP 	circle5: autoDraw = False
18.3830 	EXP 	tree1_6: pos = array([-0.5 , -0.23])
18.3830 	EXP 	tree2_6: pos = array([ 0.5, -0.6])
18.3830 	EXP 	tree3_6: pos = array([-0.5,  0. ])
18.3830 	EXP 	tree4_6: pos = array([0.5, 0. ])
18.3830 	EXP 	tree1_6: autoDraw = True
18.3830 	EXP 	tree2_6: autoDraw = True
18.3830 	EXP 	tree3_6: autoDraw = True
18.3830 	EXP 	tree3_6: autoDraw = False
18.3830 	EXP 	tree4_6: autoDraw = True
18.3830 	EXP 	tree4_6: autoDraw = False
18.3830 	EXP 	circle5: autoDraw = True
18.5001 	EXP 	New trial (rep=0, index=4): OrderedDict([('tree1_n', -0.24), ('tree2_p', -0.6)])
18.5590 	EXP 	tree1_6: autoDraw = False
18.5590 	EXP 	tree2_6: autoDraw = False
18.5590 	EXP 	circle5: autoDraw = False
18.5590 	EXP 	tree1_6: autoDraw = False
18.5590 	EXP 	tree2_6: autoDraw = False
18.5590 	EXP 	tree3_6: autoDraw = False
18.5590 	EXP 	tree4_6: autoDraw = False
18.5590 	EXP 	circle5: autoDraw = False
18.5590 	EXP 	tree1_6: pos = array([-0.5 , -0.24])
18.5590 	EXP 	tree2_6: pos = array([ 0.5, -0.6])
18.5590 	EXP 	tree3_6: pos = array([-0.5,  0. ])
18.5590 	EXP 	tree4_6: pos = array([0.5, 0. ])
18.5590 	EXP 	tree1_6: autoDraw = True
18.5590 	EXP 	tree2_6: autoDraw = True
18.5590 	EXP 	tree3_6: autoDraw = True
18.5590 	EXP 	tree3_6: autoDraw = False
18.5590 	EXP 	tree4_6: autoDraw = True
18.5590 	EXP 	tree4_6: autoDraw = False
18.5590 	EXP 	circle5: autoDraw = True
18.6772 	EXP 	New trial (rep=0, index=5): OrderedDict([('tree1_n', -0.25), ('tree2_p', -0.6)])
18.7217 	EXP 	tree1_6: autoDraw = False
18.7217 	EXP 	tree2_6: autoDraw = False
18.7217 	EXP 	circle5: autoDraw = False
18.7217 	EXP 	tree1_6: autoDraw = False
18.7217 	EXP 	tree2_6: autoDraw = False
18.7217 	EXP 	tree3_6: autoDraw = False
18.7217 	EXP 	tree4_6: autoDraw = False
18.7217 	EXP 	circle5: autoDraw = False
18.7217 	EXP 	tree1_6: pos = array([-0.5 , -0.25])
18.7217 	EXP 	tree2_6: pos = array([ 0.5, -0.6])
18.7217 	EXP 	tree3_6: pos = array([-0.5,  0. ])
18.7217 	EXP 	tree4_6: pos = array([0.5, 0. ])
18.7217 	EXP 	tree1_6: autoDraw = True
18.7217 	EXP 	tree2_6: autoDraw = True
18.7217 	EXP 	tree3_6: autoDraw = True
18.7217 	EXP 	tree3_6: autoDraw = False
18.7217 	EXP 	tree4_6: autoDraw = True
18.7217 	EXP 	tree4_6: autoDraw = False
18.7217 	EXP 	circle5: autoDraw = True
18.8400 	EXP 	New trial (rep=0, index=6): OrderedDict([('tree1_n', -0.26), ('tree2_p', -0.6)])
18.8843 	EXP 	tree1_6: autoDraw = False
18.8843 	EXP 	tree2_6: autoDraw = False
18.8843 	EXP 	circle5: autoDraw = False
18.8843 	EXP 	tree1_6: autoDraw = False
18.8843 	EXP 	tree2_6: autoDraw = False
18.8843 	EXP 	tree3_6: autoDraw = False
18.8843 	EXP 	tree4_6: autoDraw = False
18.8843 	EXP 	circle5: autoDraw = False
18.8843 	EXP 	tree1_6: pos = array([-0.5 , -0.26])
18.8843 	EXP 	tree2_6: pos = array([ 0.5, -0.6])
18.8843 	EXP 	tree3_6: pos = array([-0.5,  0. ])
18.8843 	EXP 	tree4_6: pos = array([0.5, 0. ])
18.8843 	EXP 	tree1_6: autoDraw = True
18.8843 	EXP 	tree2_6: autoDraw = True
18.8843 	EXP 	tree3_6: autoDraw = True
18.8843 	EXP 	tree3_6: autoDraw = False
18.8843 	EXP 	tree4_6: autoDraw = True
18.8843 	EXP 	tree4_6: autoDraw = False
18.8843 	EXP 	circle5: autoDraw = True
18.9999 	EXP 	New trial (rep=0, index=7): OrderedDict([('tree1_n', -0.27), ('tree2_p', -0.6)])
19.0419 	EXP 	tree1_6: autoDraw = False
19.0419 	EXP 	tree2_6: autoDraw = False
19.0419 	EXP 	circle5: autoDraw = False
19.0419 	EXP 	tree1_6: autoDraw = False
19.0419 	EXP 	tree2_6: autoDraw = False
19.0419 	EXP 	tree3_6: autoDraw = False
19.0419 	EXP 	tree4_6: autoDraw = False
19.0419 	EXP 	circle5: autoDraw = False
19.0419 	EXP 	tree1_6: pos = array([-0.5 , -0.27])
19.0419 	EXP 	tree2_6: pos = array([ 0.5, -0.6])
19.0419 	EXP 	tree3_6: pos = array([-0.5,  0. ])
19.0419 	EXP 	tree4_6: pos = array([0.5, 0. ])
19.0419 	EXP 	tree1_6: autoDraw = True
19.0419 	EXP 	tree2_6: autoDraw = True
19.0419 	EXP 	tree3_6: autoDraw = True
19.0419 	EXP 	tree3_6: autoDraw = False
19.0419 	EXP 	tree4_6: autoDraw = True
19.0419 	EXP 	tree4_6: autoDraw = False
19.0419 	EXP 	circle5: autoDraw = True
19.1972 	EXP 	New trial (rep=0, index=8): OrderedDict([('tree1_n', -0.28), ('tree2_p', -0.6)])
19.2386 	EXP 	tree1_6: autoDraw = False
19.2386 	EXP 	tree2_6: autoDraw = False
19.2386 	EXP 	circle5: autoDraw = False
19.2386 	EXP 	tree1_6: autoDraw = False
19.2386 	EXP 	tree2_6: autoDraw = False
19.2386 	EXP 	tree3_6: autoDraw = False
19.2386 	EXP 	tree4_6: autoDraw = False
19.2386 	EXP 	circle5: autoDraw = False
19.2386 	EXP 	tree1_6: pos = array([-0.5 , -0.28])
19.2386 	EXP 	tree2_6: pos = array([ 0.5, -0.6])
19.2386 	EXP 	tree3_6: pos = array([-0.5,  0. ])
19.2386 	EXP 	tree4_6: pos = array([0.5, 0. ])
19.2386 	EXP 	tree1_6: autoDraw = True
19.2386 	EXP 	tree2_6: autoDraw = True
19.2386 	EXP 	tree3_6: autoDraw = True
19.2386 	EXP 	tree3_6: autoDraw = False
19.2386 	EXP 	tree4_6: autoDraw = True
19.2386 	EXP 	tree4_6: autoDraw = False
19.2386 	EXP 	circle5: autoDraw = True
19.3947 	EXP 	New trial (rep=0, index=9): OrderedDict([('tree1_n', -0.29), ('tree2_p', -0.6)])
19.4393 	EXP 	tree1_6: autoDraw = False
19.4393 	EXP 	tree2_6: autoDraw = False
19.4393 	EXP 	circle5: autoDraw = False
19.4393 	EXP 	tree1_6: autoDraw = False
19.4393 	EXP 	tree2_6: autoDraw = False
19.4393 	EXP 	tree3_6: autoDraw = False
19.4393 	EXP 	tree4_6: autoDraw = False
19.4393 	EXP 	circle5: autoDraw = False
19.4393 	EXP 	tree1_6: pos = array([-0.5 , -0.29])
19.4393 	EXP 	tree2_6: pos = array([ 0.5, -0.6])
19.4393 	EXP 	tree3_6: pos = array([-0.5,  0. ])
19.4393 	EXP 	tree4_6: pos = array([0.5, 0. ])
19.4393 	EXP 	tree1_6: autoDraw = True
19.4393 	EXP 	tree2_6: autoDraw = True
19.4393 	EXP 	tree3_6: autoDraw = True
19.4393 	EXP 	tree3_6: autoDraw = False
19.4393 	EXP 	tree4_6: autoDraw = True
19.4393 	EXP 	tree4_6: autoDraw = False
19.4393 	EXP 	circle5: autoDraw = True
19.5873 	EXP 	New trial (rep=0, index=10): OrderedDict([('tree1_n', -0.3), ('tree2_p', -0.6)])
19.6286 	EXP 	tree1_6: autoDraw = False
19.6286 	EXP 	tree2_6: autoDraw = False
19.6286 	EXP 	circle5: autoDraw = False
19.6286 	EXP 	tree1_6: autoDraw = False
19.6286 	EXP 	tree2_6: autoDraw = False
19.6286 	EXP 	tree3_6: autoDraw = False
19.6286 	EXP 	tree4_6: autoDraw = False
19.6286 	EXP 	circle5: autoDraw = False
19.6286 	EXP 	tree1_6: pos = array([-0.5, -0.3])
19.6286 	EXP 	tree2_6: pos = array([ 0.5, -0.6])
19.6286 	EXP 	tree3_6: pos = array([-0.5,  0. ])
19.6286 	EXP 	tree4_6: pos = array([0.5, 0. ])
19.6286 	EXP 	tree1_6: autoDraw = True
19.6286 	EXP 	tree2_6: autoDraw = True
19.6286 	EXP 	tree3_6: autoDraw = True
19.6286 	EXP 	tree3_6: autoDraw = False
19.6286 	EXP 	tree4_6: autoDraw = True
19.6286 	EXP 	tree4_6: autoDraw = False
19.6286 	EXP 	circle5: autoDraw = True
19.7867 	EXP 	New trial (rep=0, index=11): OrderedDict([('tree1_n', -0.31), ('tree2_p', -0.6)])
19.8311 	EXP 	tree1_6: autoDraw = False
19.8311 	EXP 	tree2_6: autoDraw = False
19.8311 	EXP 	circle5: autoDraw = False
19.8311 	EXP 	tree1_6: autoDraw = False
19.8311 	EXP 	tree2_6: autoDraw = False
19.8311 	EXP 	tree3_6: autoDraw = False
19.8311 	EXP 	tree4_6: autoDraw = False
19.8311 	EXP 	circle5: autoDraw = False
19.8311 	EXP 	tree1_6: pos = array([-0.5 , -0.31])
19.8311 	EXP 	tree2_6: pos = array([ 0.5, -0.6])
19.8311 	EXP 	tree3_6: pos = array([-0.5,  0. ])
19.8311 	EXP 	tree4_6: pos = array([0.5, 0. ])
19.8311 	EXP 	tree1_6: autoDraw = True
19.8311 	EXP 	tree2_6: autoDraw = True
19.8311 	EXP 	tree3_6: autoDraw = True
19.8311 	EXP 	tree3_6: autoDraw = False
19.8311 	EXP 	tree4_6: autoDraw = True
19.8311 	EXP 	tree4_6: autoDraw = False
19.8311 	EXP 	circle5: autoDraw = True
19.9492 	EXP 	New trial (rep=0, index=12): OrderedDict([('tree1_n', -0.32), ('tree2_p', -0.6)])
19.9908 	EXP 	tree1_6: autoDraw = False
19.9908 	EXP 	tree2_6: autoDraw = False
19.9908 	EXP 	circle5: autoDraw = False
19.9908 	EXP 	tree1_6: autoDraw = False
19.9908 	EXP 	tree2_6: autoDraw = False
19.9908 	EXP 	tree3_6: autoDraw = False
19.9908 	EXP 	tree4_6: autoDraw = False
19.9908 	EXP 	circle5: autoDraw = False
19.9908 	EXP 	tree1_6: pos = array([-0.5 , -0.32])
19.9908 	EXP 	tree2_6: pos = array([ 0.5, -0.6])
19.9908 	EXP 	tree3_6: pos = array([-0.5,  0. ])
19.9908 	EXP 	tree4_6: pos = array([0.5, 0. ])
19.9908 	EXP 	tree1_6: autoDraw = True
19.9908 	EXP 	tree2_6: autoDraw = True
19.9908 	EXP 	tree3_6: autoDraw = True
19.9908 	EXP 	tree3_6: autoDraw = False
19.9908 	EXP 	tree4_6: autoDraw = True
19.9908 	EXP 	tree4_6: autoDraw = False
19.9908 	EXP 	circle5: autoDraw = True
20.0775 	EXP 	New trial (rep=0, index=13): OrderedDict([('tree1_n', -0.33), ('tree2_p', -0.6)])
20.1218 	EXP 	tree1_6: autoDraw = False
20.1218 	EXP 	tree2_6: autoDraw = False
20.1218 	EXP 	tree3_6: autoDraw = False
20.1218 	EXP 	tree4_6: autoDraw = False
20.1218 	EXP 	circle5: autoDraw = False
20.1218 	EXP 	tree1_6: pos = array([-0.5 , -0.33])
20.1218 	EXP 	tree2_6: pos = array([ 0.5, -0.6])
20.1218 	EXP 	tree3_6: pos = array([-0.5,  0. ])
20.1218 	EXP 	tree4_6: pos = array([0.5, 0. ])
20.1218 	EXP 	tree1_6: autoDraw = True
20.1218 	EXP 	tree2_6: autoDraw = True
20.1218 	EXP 	tree3_6: autoDraw = True
20.1218 	EXP 	tree3_6: autoDraw = False
20.1218 	EXP 	tree4_6: autoDraw = True
20.1218 	EXP 	tree4_6: autoDraw = False
20.1218 	EXP 	circle5: autoDraw = True
20.2093 	EXP 	New trial (rep=0, index=14): OrderedDict([('tree1_n', -0.34), ('tree2_p', -0.6)])
20.2536 	EXP 	tree1_6: autoDraw = False
20.2536 	EXP 	tree2_6: autoDraw = False
20.2536 	EXP 	tree3_6: autoDraw = False
20.2536 	EXP 	tree4_6: autoDraw = False
20.2536 	EXP 	circle5: autoDraw = False
20.2536 	EXP 	tree1_6: pos = array([-0.5 , -0.34])
20.2536 	EXP 	tree2_6: pos = array([ 0.5, -0.6])
20.2536 	EXP 	tree3_6: pos = array([-0.5,  0. ])
20.2536 	EXP 	tree4_6: pos = array([0.5, 0. ])
20.2536 	EXP 	tree1_6: autoDraw = True
20.2536 	EXP 	tree2_6: autoDraw = True
20.2536 	EXP 	tree3_6: autoDraw = True
20.2536 	EXP 	tree3_6: autoDraw = False
20.2536 	EXP 	tree4_6: autoDraw = True
20.2536 	EXP 	tree4_6: autoDraw = False
20.2536 	EXP 	circle5: autoDraw = True
20.2979 	EXP 	New trial (rep=0, index=15): OrderedDict([('tree1_n', -0.35), ('tree2_p', -0.6)])
20.3426 	EXP 	tree1_6: autoDraw = False
20.3426 	EXP 	tree2_6: autoDraw = False
20.3426 	EXP 	tree3_6: autoDraw = False
20.3426 	EXP 	tree4_6: autoDraw = False
20.3426 	EXP 	circle5: autoDraw = False
20.3426 	EXP 	tree1_6: pos = array([-0.5 , -0.35])
20.3426 	EXP 	tree2_6: pos = array([ 0.5, -0.6])
20.3426 	EXP 	tree3_6: pos = array([-0.5,  0. ])
20.3426 	EXP 	tree4_6: pos = array([0.5, 0. ])
20.3426 	EXP 	tree1_6: autoDraw = True
20.3426 	EXP 	tree2_6: autoDraw = True
20.3426 	EXP 	tree3_6: autoDraw = True
20.3426 	EXP 	tree3_6: autoDraw = False
20.3426 	EXP 	tree4_6: autoDraw = True
20.3426 	EXP 	tree4_6: autoDraw = False
20.3426 	EXP 	circle5: autoDraw = True
20.3893 	EXP 	New trial (rep=0, index=16): OrderedDict([('tree1_n', -0.36), ('tree2_p', -0.6)])
20.4331 	EXP 	tree1_6: autoDraw = False
20.4331 	EXP 	tree2_6: autoDraw = False
20.4331 	EXP 	tree3_6: autoDraw = False
20.4331 	EXP 	tree4_6: autoDraw = False
20.4331 	EXP 	circle5: autoDraw = False
20.4331 	EXP 	tree1_6: pos = array([-0.5 , -0.36])
20.4331 	EXP 	tree2_6: pos = array([ 0.5, -0.6])
20.4331 	EXP 	tree3_6: pos = array([-0.5,  0. ])
20.4331 	EXP 	tree4_6: pos = array([0.5, 0. ])
20.4331 	EXP 	tree1_6: autoDraw = True
20.4331 	EXP 	tree2_6: autoDraw = True
20.4331 	EXP 	tree3_6: autoDraw = True
20.4331 	EXP 	tree3_6: autoDraw = False
20.4331 	EXP 	tree4_6: autoDraw = True
20.4331 	EXP 	tree4_6: autoDraw = False
20.4331 	EXP 	circle5: autoDraw = True
20.4748 	EXP 	New trial (rep=0, index=17): OrderedDict([('tree1_n', -0.37), ('tree2_p', -0.6)])
20.5172 	EXP 	tree1_6: autoDraw = False
20.5172 	EXP 	tree2_6: autoDraw = False
20.5172 	EXP 	tree3_6: autoDraw = False
20.5172 	EXP 	tree4_6: autoDraw = False
20.5172 	EXP 	circle5: autoDraw = False
20.5172 	EXP 	tree1_6: pos = array([-0.5 , -0.37])
20.5172 	EXP 	tree2_6: pos = array([ 0.5, -0.6])
20.5172 	EXP 	tree3_6: pos = array([-0.5,  0. ])
20.5172 	EXP 	tree4_6: pos = array([0.5, 0. ])
20.5172 	EXP 	tree1_6: autoDraw = True
20.5172 	EXP 	tree2_6: autoDraw = True
20.5172 	EXP 	tree3_6: autoDraw = True
20.5172 	EXP 	tree3_6: autoDraw = False
20.5172 	EXP 	tree4_6: autoDraw = True
20.5172 	EXP 	tree4_6: autoDraw = False
20.5172 	EXP 	circle5: autoDraw = True
20.6015 	EXP 	New trial (rep=0, index=18): OrderedDict([('tree1_n', -0.38), ('tree2_p', -0.6)])
20.6486 	EXP 	tree1_6: autoDraw = False
20.6486 	EXP 	tree2_6: autoDraw = False
20.6486 	EXP 	tree3_6: autoDraw = False
20.6486 	EXP 	tree4_6: autoDraw = False
20.6486 	EXP 	circle5: autoDraw = False
20.6486 	EXP 	tree1_6: pos = array([-0.5 , -0.38])
20.6486 	EXP 	tree2_6: pos = array([ 0.5, -0.6])
20.6486 	EXP 	tree3_6: pos = array([-0.5,  0. ])
20.6486 	EXP 	tree4_6: pos = array([0.5, 0. ])
20.6486 	EXP 	tree1_6: autoDraw = True
20.6486 	EXP 	tree2_6: autoDraw = True
20.6486 	EXP 	tree3_6: autoDraw = True
20.6486 	EXP 	tree3_6: autoDraw = False
20.6486 	EXP 	tree4_6: autoDraw = True
20.6486 	EXP 	tree4_6: autoDraw = False
20.6486 	EXP 	circle5: autoDraw = True
20.6932 	EXP 	New trial (rep=0, index=19): OrderedDict([('tree1_n', -0.39), ('tree2_p', -0.6)])
20.7375 	EXP 	tree1_6: autoDraw = False
20.7375 	EXP 	tree2_6: autoDraw = False
20.7375 	EXP 	tree3_6: autoDraw = False
20.7375 	EXP 	tree4_6: autoDraw = False
20.7375 	EXP 	circle5: autoDraw = False
20.7375 	EXP 	tree1_6: pos = array([-0.5 , -0.39])
20.7375 	EXP 	tree2_6: pos = array([ 0.5, -0.6])
20.7375 	EXP 	tree3_6: pos = array([-0.5,  0. ])
20.7375 	EXP 	tree4_6: pos = array([0.5, 0. ])
20.7375 	EXP 	tree1_6: autoDraw = True
20.7375 	EXP 	tree2_6: autoDraw = True
20.7375 	EXP 	tree3_6: autoDraw = True
20.7375 	EXP 	tree3_6: autoDraw = False
20.7375 	EXP 	tree4_6: autoDraw = True
20.7375 	EXP 	tree4_6: autoDraw = False
20.7375 	EXP 	circle5: autoDraw = True
20.7842 	EXP 	New trial (rep=0, index=20): OrderedDict([('tree1_n', -0.4), ('tree2_p', 0.0)])
20.8309 	EXP 	tree1_6: autoDraw = False
20.8309 	EXP 	tree2_6: autoDraw = False
20.8309 	EXP 	tree3_6: autoDraw = False
20.8309 	EXP 	tree4_6: autoDraw = False
20.8309 	EXP 	circle5: autoDraw = False
20.8309 	EXP 	tree1_6: pos = array([-0.5, -0.4])
20.8309 	EXP 	tree2_6: pos = array([0.5, 0. ])
20.8309 	EXP 	tree3_6: pos = array([-0.5,  0. ])
20.8309 	EXP 	tree4_6: pos = array([0.5, 0. ])
20.8309 	EXP 	tree1_6: autoDraw = True
20.8309 	EXP 	tree2_6: autoDraw = True
20.8309 	EXP 	tree3_6: autoDraw = True
20.8309 	EXP 	tree3_6: autoDraw = False
20.8309 	EXP 	tree4_6: autoDraw = True
20.8309 	EXP 	tree4_6: autoDraw = False
20.8309 	EXP 	circle5: autoDraw = True
20.8726 	EXP 	New trial (rep=0, index=21): OrderedDict([('tree1_n', -0.6), ('tree2_p', -0.01)])
20.9151 	EXP 	tree1_6: autoDraw = False
20.9151 	EXP 	tree2_6: autoDraw = False
20.9151 	EXP 	tree3_6: autoDraw = False
20.9151 	EXP 	tree4_6: autoDraw = False
20.9151 	EXP 	circle5: autoDraw = False
20.9151 	EXP 	tree1_6: pos = array([-0.5, -0.6])
20.9151 	EXP 	tree2_6: pos = array([ 0.5 , -0.01])
20.9151 	EXP 	tree3_6: pos = array([-0.5,  0. ])
20.9151 	EXP 	tree4_6: pos = array([0.5, 0. ])
20.9151 	EXP 	tree1_6: autoDraw = True
20.9151 	EXP 	tree2_6: autoDraw = True
20.9151 	EXP 	tree3_6: autoDraw = True
20.9151 	EXP 	tree3_6: autoDraw = False
20.9151 	EXP 	tree4_6: autoDraw = True
20.9151 	EXP 	tree4_6: autoDraw = False
20.9151 	EXP 	circle5: autoDraw = True
20.9948 	EXP 	New trial (rep=0, index=22): OrderedDict([('tree1_n', -0.6), ('tree2_p', -0.02)])
21.0356 	EXP 	tree1_6: autoDraw = False
21.0356 	EXP 	tree2_6: autoDraw = False
21.0356 	EXP 	tree3_6: autoDraw = False
21.0356 	EXP 	tree4_6: autoDraw = False
21.0356 	EXP 	circle5: autoDraw = False
21.0356 	EXP 	tree1_6: pos = array([-0.5, -0.6])
21.0356 	EXP 	tree2_6: pos = array([ 0.5 , -0.02])
21.0356 	EXP 	tree3_6: pos = array([-0.5,  0. ])
21.0356 	EXP 	tree4_6: pos = array([0.5, 0. ])
21.0356 	EXP 	tree1_6: autoDraw = True
21.0356 	EXP 	tree2_6: autoDraw = True
21.0356 	EXP 	tree3_6: autoDraw = True
21.0356 	EXP 	tree3_6: autoDraw = False
21.0356 	EXP 	tree4_6: autoDraw = True
21.0356 	EXP 	tree4_6: autoDraw = False
21.0356 	EXP 	circle5: autoDraw = True
21.0771 	EXP 	New trial (rep=0, index=23): OrderedDict([('tree1_n', -0.6), ('tree2_p', -0.03)])
21.1182 	EXP 	tree1_6: autoDraw = False
21.1182 	EXP 	tree2_6: autoDraw = False
21.1182 	EXP 	tree3_6: autoDraw = False
21.1182 	EXP 	tree4_6: autoDraw = False
21.1182 	EXP 	circle5: autoDraw = False
21.1182 	EXP 	tree1_6: pos = array([-0.5, -0.6])
21.1182 	EXP 	tree2_6: pos = array([ 0.5 , -0.03])
21.1182 	EXP 	tree3_6: pos = array([-0.5,  0. ])
21.1182 	EXP 	tree4_6: pos = array([0.5, 0. ])
21.1182 	EXP 	tree1_6: autoDraw = True
21.1182 	EXP 	tree2_6: autoDraw = True
21.1182 	EXP 	tree3_6: autoDraw = True
21.1182 	EXP 	tree3_6: autoDraw = False
21.1182 	EXP 	tree4_6: autoDraw = True
21.1182 	EXP 	tree4_6: autoDraw = False
21.1182 	EXP 	circle5: autoDraw = True
21.2052 	EXP 	New trial (rep=0, index=24): OrderedDict([('tree1_n', -0.6), ('tree2_p', -0.04)])
21.2510 	EXP 	tree1_6: autoDraw = False
21.2510 	EXP 	tree2_6: autoDraw = False
21.2510 	EXP 	tree3_6: autoDraw = False
21.2510 	EXP 	tree4_6: autoDraw = False
21.2510 	EXP 	circle5: autoDraw = False
21.2510 	EXP 	tree1_6: pos = array([-0.5, -0.6])
21.2510 	EXP 	tree2_6: pos = array([ 0.5 , -0.04])
21.2510 	EXP 	tree3_6: pos = array([-0.5,  0. ])
21.2510 	EXP 	tree4_6: pos = array([0.5, 0. ])
21.2510 	EXP 	tree1_6: autoDraw = True
21.2510 	EXP 	tree2_6: autoDraw = True
21.2510 	EXP 	tree3_6: autoDraw = True
21.2510 	EXP 	tree3_6: autoDraw = False
21.2510 	EXP 	tree4_6: autoDraw = True
21.2510 	EXP 	tree4_6: autoDraw = False
21.2510 	EXP 	circle5: autoDraw = True
21.2960 	EXP 	New trial (rep=0, index=25): OrderedDict([('tree1_n', -0.6), ('tree2_p', -0.05)])
21.3402 	EXP 	tree1_6: autoDraw = False
21.3402 	EXP 	tree2_6: autoDraw = False
21.3402 	EXP 	tree3_6: autoDraw = False
21.3402 	EXP 	tree4_6: autoDraw = False
21.3402 	EXP 	circle5: autoDraw = False
21.3402 	EXP 	tree1_6: pos = array([-0.5, -0.6])
21.3402 	EXP 	tree2_6: pos = array([ 0.5 , -0.05])
21.3402 	EXP 	tree3_6: pos = array([-0.5,  0. ])
21.3402 	EXP 	tree4_6: pos = array([0.5, 0. ])
21.3402 	EXP 	tree1_6: autoDraw = True
21.3402 	EXP 	tree2_6: autoDraw = True
21.3402 	EXP 	tree3_6: autoDraw = True
21.3402 	EXP 	tree3_6: autoDraw = False
21.3402 	EXP 	tree4_6: autoDraw = True
21.3402 	EXP 	tree4_6: autoDraw = False
21.3402 	EXP 	circle5: autoDraw = True
21.3872 	EXP 	New trial (rep=0, index=26): OrderedDict([('tree1_n', -0.6), ('tree2_p', -0.06)])
21.4317 	EXP 	tree1_6: autoDraw = False
21.4317 	EXP 	tree2_6: autoDraw = False
21.4317 	EXP 	tree3_6: autoDraw = False
21.4317 	EXP 	tree4_6: autoDraw = False
21.4317 	EXP 	circle5: autoDraw = False
21.4317 	EXP 	tree1_6: pos = array([-0.5, -0.6])
21.4317 	EXP 	tree2_6: pos = array([ 0.5 , -0.06])
21.4317 	EXP 	tree3_6: pos = array([-0.5,  0. ])
21.4317 	EXP 	tree4_6: pos = array([0.5, 0. ])
21.4317 	EXP 	tree1_6: autoDraw = True
21.4317 	EXP 	tree2_6: autoDraw = True
21.4317 	EXP 	tree3_6: autoDraw = True
21.4317 	EXP 	tree3_6: autoDraw = False
21.4317 	EXP 	tree4_6: autoDraw = True
21.4317 	EXP 	tree4_6: autoDraw = False
21.4317 	EXP 	circle5: autoDraw = True
21.4740 	EXP 	New trial (rep=0, index=27): OrderedDict([('tree1_n', -0.6), ('tree2_p', -0.07)])
21.5169 	EXP 	tree1_6: autoDraw = False
21.5169 	EXP 	tree2_6: autoDraw = False
21.5169 	EXP 	tree3_6: autoDraw = False
21.5169 	EXP 	tree4_6: autoDraw = False
21.5169 	EXP 	circle5: autoDraw = False
21.5169 	EXP 	tree1_6: pos = array([-0.5, -0.6])
21.5169 	EXP 	tree2_6: pos = array([ 0.5 , -0.07])
21.5169 	EXP 	tree3_6: pos = array([-0.5,  0. ])
21.5169 	EXP 	tree4_6: pos = array([0.5, 0. ])
21.5169 	EXP 	tree1_6: autoDraw = True
21.5169 	EXP 	tree2_6: autoDraw = True
21.5169 	EXP 	tree3_6: autoDraw = True
21.5169 	EXP 	tree3_6: autoDraw = False
21.5169 	EXP 	tree4_6: autoDraw = True
21.5169 	EXP 	tree4_6: autoDraw = False
21.5169 	EXP 	circle5: autoDraw = True
21.5983 	EXP 	New trial (rep=0, index=28): OrderedDict([('tree1_n', -0.6), ('tree2_p', -0.08)])
21.6388 	EXP 	tree1_6: autoDraw = False
21.6388 	EXP 	tree2_6: autoDraw = False
21.6388 	EXP 	tree3_6: autoDraw = False
21.6388 	EXP 	tree4_6: autoDraw = False
21.6388 	EXP 	circle5: autoDraw = False
21.6388 	EXP 	tree1_6: pos = array([-0.5, -0.6])
21.6388 	EXP 	tree2_6: pos = array([ 0.5 , -0.08])
21.6388 	EXP 	tree3_6: pos = array([-0.5,  0. ])
21.6388 	EXP 	tree4_6: pos = array([0.5, 0. ])
21.6388 	EXP 	tree1_6: autoDraw = True
21.6388 	EXP 	tree2_6: autoDraw = True
21.6388 	EXP 	tree3_6: autoDraw = True
21.6388 	EXP 	tree3_6: autoDraw = False
21.6388 	EXP 	tree4_6: autoDraw = True
21.6388 	EXP 	tree4_6: autoDraw = False
21.6388 	EXP 	circle5: autoDraw = True
21.6817 	EXP 	New trial (rep=0, index=29): OrderedDict([('tree1_n', -0.6), ('tree2_p', -0.09)])
21.7223 	EXP 	tree1_6: autoDraw = False
21.7223 	EXP 	tree2_6: autoDraw = False
21.7223 	EXP 	tree3_6: autoDraw = False
21.7223 	EXP 	tree4_6: autoDraw = False
21.7223 	EXP 	circle5: autoDraw = False
21.7223 	EXP 	tree1_6: pos = array([-0.5, -0.6])
21.7223 	EXP 	tree2_6: pos = array([ 0.5 , -0.09])
21.7223 	EXP 	tree3_6: pos = array([-0.5,  0. ])
21.7223 	EXP 	tree4_6: pos = array([0.5, 0. ])
21.7223 	EXP 	tree1_6: autoDraw = True
21.7223 	EXP 	tree2_6: autoDraw = True
21.7223 	EXP 	tree3_6: autoDraw = True
21.7223 	EXP 	tree3_6: autoDraw = False
21.7223 	EXP 	tree4_6: autoDraw = True
21.7223 	EXP 	tree4_6: autoDraw = False
21.7223 	EXP 	circle5: autoDraw = True
21.8045 	EXP 	New trial (rep=0, index=30): OrderedDict([('tree1_n', -0.6), ('tree2_p', -0.1)])
21.8477 	EXP 	tree1_6: autoDraw = False
21.8477 	EXP 	tree2_6: autoDraw = False
21.8477 	EXP 	tree3_6: autoDraw = False
21.8477 	EXP 	tree4_6: autoDraw = False
21.8477 	EXP 	circle5: autoDraw = False
21.8477 	EXP 	tree1_6: pos = array([-0.5, -0.6])
21.8477 	EXP 	tree2_6: pos = array([ 0.5, -0.1])
21.8477 	EXP 	tree3_6: pos = array([-0.5,  0. ])
21.8477 	EXP 	tree4_6: pos = array([0.5, 0. ])
21.8477 	EXP 	tree1_6: autoDraw = True
21.8477 	EXP 	tree2_6: autoDraw = True
21.8477 	EXP 	tree3_6: autoDraw = True
21.8477 	EXP 	tree3_6: autoDraw = False
21.8477 	EXP 	tree4_6: autoDraw = True
21.8477 	EXP 	tree4_6: autoDraw = False
21.8477 	EXP 	circle5: autoDraw = True
21.8924 	EXP 	New trial (rep=0, index=31): OrderedDict([('tree1_n', -0.6), ('tree2_p', -0.11)])
21.9374 	EXP 	tree1_6: autoDraw = False
21.9374 	EXP 	tree2_6: autoDraw = False
21.9374 	EXP 	tree3_6: autoDraw = False
21.9374 	EXP 	tree4_6: autoDraw = False
21.9374 	EXP 	circle5: autoDraw = False
21.9374 	EXP 	tree1_6: pos = array([-0.5, -0.6])
21.9374 	EXP 	tree2_6: pos = array([ 0.5 , -0.11])
21.9374 	EXP 	tree3_6: pos = array([-0.5,  0. ])
21.9374 	EXP 	tree4_6: pos = array([0.5, 0. ])
21.9374 	EXP 	tree1_6: autoDraw = True
21.9374 	EXP 	tree2_6: autoDraw = True
21.9374 	EXP 	tree3_6: autoDraw = True
21.9374 	EXP 	tree3_6: autoDraw = False
21.9374 	EXP 	tree4_6: autoDraw = True
21.9374 	EXP 	tree4_6: autoDraw = False
21.9374 	EXP 	circle5: autoDraw = True
21.9809 	EXP 	New trial (rep=0, index=32): OrderedDict([('tree1_n', -0.6), ('tree2_p', -0.12)])
22.0215 	EXP 	tree1_6: autoDraw = False
22.0215 	EXP 	tree2_6: autoDraw = False
22.0215 	EXP 	tree3_6: autoDraw = False
22.0215 	EXP 	tree4_6: autoDraw = False
22.0215 	EXP 	circle5: autoDraw = False
22.0215 	EXP 	tree1_6: pos = array([-0.5, -0.6])
22.0215 	EXP 	tree2_6: pos = array([ 0.5 , -0.12])
22.0215 	EXP 	tree3_6: pos = array([-0.5,  0. ])
22.0215 	EXP 	tree4_6: pos = array([0.5, 0. ])
22.0215 	EXP 	tree1_6: autoDraw = True
22.0215 	EXP 	tree2_6: autoDraw = True
22.0215 	EXP 	tree3_6: autoDraw = True
22.0215 	EXP 	tree3_6: autoDraw = False
22.0215 	EXP 	tree4_6: autoDraw = True
22.0215 	EXP 	tree4_6: autoDraw = False
22.0215 	EXP 	circle5: autoDraw = True
22.1043 	EXP 	New trial (rep=0, index=33): OrderedDict([('tree1_n', -0.6), ('tree2_p', -0.13)])
22.1472 	EXP 	tree1_6: autoDraw = False
22.1472 	EXP 	tree2_6: autoDraw = False
22.1472 	EXP 	tree3_6: autoDraw = False
22.1472 	EXP 	tree4_6: autoDraw = False
22.1472 	EXP 	circle5: autoDraw = False
22.1472 	EXP 	tree1_6: pos = array([-0.5, -0.6])
22.1472 	EXP 	tree2_6: pos = array([ 0.5 , -0.13])
22.1472 	EXP 	tree3_6: pos = array([-0.5,  0. ])
22.1472 	EXP 	tree4_6: pos = array([0.5, 0. ])
22.1472 	EXP 	tree1_6: autoDraw = True
22.1472 	EXP 	tree2_6: autoDraw = True
22.1472 	EXP 	tree3_6: autoDraw = True
22.1472 	EXP 	tree3_6: autoDraw = False
22.1472 	EXP 	tree4_6: autoDraw = True
22.1472 	EXP 	tree4_6: autoDraw = False
22.1472 	EXP 	circle5: autoDraw = True
22.1881 	EXP 	New trial (rep=0, index=34): OrderedDict([('tree1_n', -0.6), ('tree2_p', -0.14)])
22.2298 	EXP 	tree1_6: autoDraw = False
22.2298 	EXP 	tree2_6: autoDraw = False
22.2298 	EXP 	tree3_6: autoDraw = False
22.2298 	EXP 	tree4_6: autoDraw = False
22.2298 	EXP 	circle5: autoDraw = False
22.2298 	EXP 	tree1_6: pos = array([-0.5, -0.6])
22.2298 	EXP 	tree2_6: pos = array([ 0.5 , -0.14])
22.2298 	EXP 	tree3_6: pos = array([-0.5,  0. ])
22.2298 	EXP 	tree4_6: pos = array([0.5, 0. ])
22.2298 	EXP 	tree1_6: autoDraw = True
22.2298 	EXP 	tree2_6: autoDraw = True
22.2298 	EXP 	tree3_6: autoDraw = True
22.2298 	EXP 	tree3_6: autoDraw = False
22.2298 	EXP 	tree4_6: autoDraw = True
22.2298 	EXP 	tree4_6: autoDraw = False
22.2298 	EXP 	circle5: autoDraw = True
22.2698 	EXP 	New trial (rep=0, index=35): OrderedDict([('tree1_n', -0.6), ('tree2_p', -0.15)])
22.3089 	EXP 	tree1_6: autoDraw = False
22.3089 	EXP 	tree2_6: autoDraw = False
22.3089 	EXP 	tree3_6: autoDraw = False
22.3089 	EXP 	tree4_6: autoDraw = False
22.3089 	EXP 	circle5: autoDraw = False
22.3089 	EXP 	tree1_6: pos = array([-0.5, -0.6])
22.3089 	EXP 	tree2_6: pos = array([ 0.5 , -0.15])
22.3089 	EXP 	tree3_6: pos = array([-0.5,  0. ])
22.3089 	EXP 	tree4_6: pos = array([0.5, 0. ])
22.3089 	EXP 	tree1_6: autoDraw = True
22.3089 	EXP 	tree2_6: autoDraw = True
22.3089 	EXP 	tree3_6: autoDraw = True
22.3089 	EXP 	tree3_6: autoDraw = False
22.3089 	EXP 	tree4_6: autoDraw = True
22.3089 	EXP 	tree4_6: autoDraw = False
22.3089 	EXP 	circle5: autoDraw = True
22.3895 	EXP 	New trial (rep=0, index=36): OrderedDict([('tree1_n', -0.6), ('tree2_p', -0.16)])
22.4289 	EXP 	tree1_6: autoDraw = False
22.4289 	EXP 	tree2_6: autoDraw = False
22.4289 	EXP 	tree3_6: autoDraw = False
22.4289 	EXP 	tree4_6: autoDraw = False
22.4289 	EXP 	circle5: autoDraw = False
22.4289 	EXP 	tree1_6: pos = array([-0.5, -0.6])
22.4289 	EXP 	tree2_6: pos = array([ 0.5 , -0.16])
22.4289 	EXP 	tree3_6: pos = array([-0.5,  0. ])
22.4289 	EXP 	tree4_6: pos = array([0.5, 0. ])
22.4289 	EXP 	tree1_6: autoDraw = True
22.4289 	EXP 	tree2_6: autoDraw = True
22.4289 	EXP 	tree3_6: autoDraw = True
22.4289 	EXP 	tree3_6: autoDraw = False
22.4289 	EXP 	tree4_6: autoDraw = True
22.4289 	EXP 	tree4_6: autoDraw = False
22.4289 	EXP 	circle5: autoDraw = True
22.4681 	EXP 	New trial (rep=0, index=37): OrderedDict([('tree1_n', -0.6), ('tree2_p', -0.17)])
22.5080 	EXP 	tree1_6: autoDraw = False
22.5080 	EXP 	tree2_6: autoDraw = False
22.5080 	EXP 	tree3_6: autoDraw = False
22.5080 	EXP 	tree4_6: autoDraw = False
22.5080 	EXP 	circle5: autoDraw = False
22.5080 	EXP 	tree1_6: pos = array([-0.5, -0.6])
22.5080 	EXP 	tree2_6: pos = array([ 0.5 , -0.17])
22.5080 	EXP 	tree3_6: pos = array([-0.5,  0. ])
22.5080 	EXP 	tree4_6: pos = array([0.5, 0. ])
22.5080 	EXP 	tree1_6: autoDraw = True
22.5080 	EXP 	tree2_6: autoDraw = True
22.5080 	EXP 	tree3_6: autoDraw = True
22.5080 	EXP 	tree3_6: autoDraw = False
22.5080 	EXP 	tree4_6: autoDraw = True
22.5080 	EXP 	tree4_6: autoDraw = False
22.5080 	EXP 	circle5: autoDraw = True
22.5891 	EXP 	New trial (rep=0, index=38): OrderedDict([('tree1_n', -0.6), ('tree2_p', -0.18)])
22.6307 	EXP 	tree1_6: autoDraw = False
22.6307 	EXP 	tree2_6: autoDraw = False
22.6307 	EXP 	tree3_6: autoDraw = False
22.6307 	EXP 	tree4_6: autoDraw = False
22.6307 	EXP 	circle5: autoDraw = False
22.6307 	EXP 	tree1_6: pos = array([-0.5, -0.6])
22.6307 	EXP 	tree2_6: pos = array([ 0.5 , -0.18])
22.6307 	EXP 	tree3_6: pos = array([-0.5,  0. ])
22.6307 	EXP 	tree4_6: pos = array([0.5, 0. ])
22.6307 	EXP 	tree1_6: autoDraw = True
22.6307 	EXP 	tree2_6: autoDraw = True
22.6307 	EXP 	tree3_6: autoDraw = True
22.6307 	EXP 	tree3_6: autoDraw = False
22.6307 	EXP 	tree4_6: autoDraw = True
22.6307 	EXP 	tree4_6: autoDraw = False
22.6307 	EXP 	circle5: autoDraw = True
22.6704 	EXP 	New trial (rep=0, index=39): OrderedDict([('tree1_n', -0.6), ('tree2_p', -0.19)])
22.7122 	EXP 	tree1_6: autoDraw = False
22.7122 	EXP 	tree2_6: autoDraw = False
22.7122 	EXP 	tree3_6: autoDraw = False
22.7122 	EXP 	tree4_6: autoDraw = False
22.7122 	EXP 	circle5: autoDraw = False
22.7122 	EXP 	tree1_6: pos = array([-0.5, -0.6])
22.7122 	EXP 	tree2_6: pos = array([ 0.5 , -0.19])
22.7122 	EXP 	tree3_6: pos = array([-0.5,  0. ])
22.7122 	EXP 	tree4_6: pos = array([0.5, 0. ])
22.7122 	EXP 	tree1_6: autoDraw = True
22.7122 	EXP 	tree2_6: autoDraw = True
22.7122 	EXP 	tree3_6: autoDraw = True
22.7122 	EXP 	tree3_6: autoDraw = False
22.7122 	EXP 	tree4_6: autoDraw = True
22.7122 	EXP 	tree4_6: autoDraw = False
22.7122 	EXP 	circle5: autoDraw = True
22.7913 	EXP 	New trial (rep=0, index=40): OrderedDict([('tree1_n', -0.6), ('tree2_p', -0.2)])
22.8354 	EXP 	tree1_6: autoDraw = False
22.8354 	EXP 	tree2_6: autoDraw = False
22.8354 	EXP 	tree3_6: autoDraw = False
22.8354 	EXP 	tree4_6: autoDraw = False
22.8354 	EXP 	circle5: autoDraw = False
22.8354 	EXP 	tree1_6: pos = array([-0.5, -0.6])
22.8354 	EXP 	tree2_6: pos = array([ 0.5, -0.2])
22.8354 	EXP 	tree3_6: pos = array([-0.5,  0. ])
22.8354 	EXP 	tree4_6: pos = array([0.5, 0. ])
22.8354 	EXP 	tree1_6: autoDraw = True
22.8354 	EXP 	tree2_6: autoDraw = True
22.8354 	EXP 	tree3_6: autoDraw = True
22.8354 	EXP 	tree3_6: autoDraw = False
22.8354 	EXP 	tree4_6: autoDraw = True
22.8354 	EXP 	tree4_6: autoDraw = False
22.8354 	EXP 	circle5: autoDraw = True
22.9097 	EXP 	Imported reward.xlsx as conditions, 11 conditions, 5 params
22.9100 	EXP 	Created sequence: sequential, trialTypes=11, nReps=1, seed=None
22.9104 	EXP 	New trial (rep=0, index=0): OrderedDict([('rewardval1', 7.5), ('rewardval2', 7.3), ('rewardval3', 7.6), ('rewardval4', 7.1), ('rewardval5', 7.4)])
22.9498 	EXP 	tree1_6: autoDraw = False
22.9498 	EXP 	tree2_6: autoDraw = False
22.9498 	EXP 	tree3_6: autoDraw = False
22.9498 	EXP 	tree4_6: autoDraw = False
22.9498 	EXP 	circle5: autoDraw = False
22.9498 	EXP 	tree1_20: pos = array([-0.5, -0.6])
22.9498 	EXP 	tree2_20: pos = array([ 0.5, -0.2])
22.9498 	EXP 	tree3_20: pos = array([-0.5,  0.2])
22.9498 	EXP 	tree4_20: pos = array([0.5, 0.6])
22.9498 	EXP 	tree1_20: autoDraw = True
22.9498 	EXP 	tree1_20: autoDraw = False
22.9498 	EXP 	tree2_20: autoDraw = True
22.9498 	EXP 	tree3_20: autoDraw = True
22.9498 	EXP 	tree3_20: autoDraw = False
22.9498 	EXP 	tree4_20: autoDraw = True
22.9498 	EXP 	tree4_20: autoDraw = False
22.9498 	EXP 	circle: autoDraw = True
22.9498 	EXP 	forward_13: autoDraw = True
24.7097 	DATA 	Mouse: Left button down, pos=(947,326)
24.8034 	EXP 	tree1_20: autoDraw = False
24.8034 	EXP 	tree2_20: autoDraw = False
24.8034 	EXP 	tree3_20: autoDraw = False
24.8034 	EXP 	tree4_20: autoDraw = False
24.8034 	EXP 	circle: autoDraw = False
24.8034 	EXP 	forward_13: autoDraw = False
24.8034 	EXP 	tree1_13: pos = array([-0.5, -0.6])
24.8034 	EXP 	tree2_13: pos = array([ 0.5, -0.2])
24.8034 	EXP 	tree3_13: pos = array([-0.5,  0.2])
24.8034 	EXP 	tree4_13: pos = array([0.5, 0.6])
24.8034 	EXP 	wait: text = 'wait'
24.8034 	EXP 	tree1_13: autoDraw = True
24.8034 	EXP 	tree1_13: autoDraw = False
24.8034 	EXP 	tree2_13: autoDraw = True
24.8034 	EXP 	tree3_13: autoDraw = True
24.8034 	EXP 	tree3_13: autoDraw = False
24.8034 	EXP 	tree4_13: autoDraw = True
24.8034 	EXP 	tree4_13: autoDraw = False
24.8034 	EXP 	circle6: autoDraw = True
24.8034 	EXP 	wait: autoDraw = True
24.8034 	EXP 	wait: autoDraw = False
24.8034 	EXP 	forward_3: autoDraw = True
24.9152 	DATA 	Mouse:  Left button up, pos=(947,326)
25.8195 	EXP 	tree1_13: autoDraw = False
25.8195 	EXP 	tree2_13: autoDraw = False
25.8195 	EXP 	tree3_13: autoDraw = False
25.8195 	EXP 	tree4_13: autoDraw = False
25.8195 	EXP 	circle6: autoDraw = False
25.8195 	EXP 	wait: autoDraw = False
25.8195 	EXP 	forward_3: autoDraw = False
25.8195 	EXP 	tree1_5: pos = array([-0.5, -0.6])
25.8195 	EXP 	tree2_5: pos = array([ 0.5, -0.2])
25.8195 	EXP 	tree3_5: pos = array([-0.5,  0.2])
25.8195 	EXP 	tree4_5: pos = array([0.5, 0.6])
25.8195 	EXP 	reward_3: text = 7.3
25.8195 	EXP 	tree1_5: autoDraw = True
25.8195 	EXP 	tree1_5: autoDraw = False
25.8195 	EXP 	tree2_5: autoDraw = True
25.8195 	EXP 	tree3_5: autoDraw = True
25.8195 	EXP 	tree3_5: autoDraw = False
25.8195 	EXP 	tree4_5: autoDraw = True
25.8195 	EXP 	tree4_5: autoDraw = False
25.8195 	EXP 	circle_5: autoDraw = True
25.8195 	EXP 	reward_3: autoDraw = True
25.8195 	EXP 	reward_3: autoDraw = False
25.8195 	EXP 	forward_7: autoDraw = True
25.8195 	EXP 	skipsq_2: autoDraw = True
25.8195 	EXP 	gcircle_5: autoDraw = True
28.1194 	DATA 	Mouse: Left button down, pos=(1482,380)
28.2058 	EXP 	tree1_5: autoDraw = False
28.2058 	EXP 	tree2_5: autoDraw = False
28.2058 	EXP 	tree3_5: autoDraw = False
28.2058 	EXP 	tree4_5: autoDraw = False
28.2058 	EXP 	circle_5: autoDraw = False
28.2058 	EXP 	reward_3: autoDraw = False
28.2058 	EXP 	forward_7: autoDraw = False
28.2058 	EXP 	skipsq_2: autoDraw = False
28.2058 	EXP 	gcircle_5: autoDraw = False
28.2058 	EXP 	tree1_21: pos = array([-0.5, -0.6])
28.2058 	EXP 	tree2_21: pos = array([ 0.5, -0.2])
28.2058 	EXP 	tree3_21: pos = array([-0.5,  0.2])
28.2058 	EXP 	tree4_21: pos = array([0.5, 0.6])
28.2058 	EXP 	reward_9: text = 7.3
28.2058 	EXP 	tree1_21: autoDraw = True
28.2058 	EXP 	tree1_21: autoDraw = False
28.2058 	EXP 	tree2_21: autoDraw = True
28.2058 	EXP 	tree3_21: autoDraw = True
28.2058 	EXP 	tree3_21: autoDraw = False
28.2058 	EXP 	tree4_21: autoDraw = True
28.2058 	EXP 	tree4_21: autoDraw = False
28.2058 	EXP 	circle_6: autoDraw = True
28.2058 	EXP 	reward_9: autoDraw = True
28.2058 	EXP 	forward_15: autoDraw = True
28.3163 	DATA 	Mouse:  Left button up, pos=(1482,380)
29.1684 	EXP 	New trial (rep=0, index=1): OrderedDict([('rewardval1', 7.1), ('rewardval2', 6.9), ('rewardval3', 7.1), ('rewardval4', 6.6), ('rewardval5', 6.8)])
29.2081 	EXP 	tree1_21: autoDraw = False
29.2081 	EXP 	tree2_21: autoDraw = False
29.2081 	EXP 	tree3_21: autoDraw = False
29.2081 	EXP 	tree4_21: autoDraw = False
29.2081 	EXP 	circle_6: autoDraw = False
29.2081 	EXP 	reward_9: autoDraw = False
29.2081 	EXP 	forward_15: autoDraw = False
29.2081 	EXP 	tree1_20: pos = array([-0.5, -0.6])
29.2081 	EXP 	tree2_20: pos = array([ 0.5, -0.2])
29.2081 	EXP 	tree3_20: pos = array([-0.5,  0.2])
29.2081 	EXP 	tree4_20: pos = array([0.5, 0.6])
29.2081 	EXP 	tree1_20: autoDraw = True
29.2081 	EXP 	tree1_20: autoDraw = False
29.2081 	EXP 	tree2_20: autoDraw = True
29.2081 	EXP 	tree3_20: autoDraw = True
29.2081 	EXP 	tree3_20: autoDraw = False
29.2081 	EXP 	tree4_20: autoDraw = True
29.2081 	EXP 	tree4_20: autoDraw = False
29.2081 	EXP 	circle: autoDraw = True
29.2081 	EXP 	forward_13: autoDraw = True
29.4423 	DATA 	Mouse: Left button down, pos=(998,314)
29.5142 	EXP 	tree1_20: autoDraw = False
29.5142 	EXP 	tree2_20: autoDraw = False
29.5142 	EXP 	tree3_20: autoDraw = False
29.5142 	EXP 	tree4_20: autoDraw = False
29.5142 	EXP 	circle: autoDraw = False
29.5142 	EXP 	forward_13: autoDraw = False
29.5142 	EXP 	tree1_13: pos = array([-0.5, -0.6])
29.5142 	EXP 	tree2_13: pos = array([ 0.5, -0.2])
29.5142 	EXP 	tree3_13: pos = array([-0.5,  0.2])
29.5142 	EXP 	tree4_13: pos = array([0.5, 0.6])
29.5142 	EXP 	wait: text = 'wait'
29.5142 	EXP 	tree1_13: autoDraw = True
29.5142 	EXP 	tree1_13: autoDraw = False
29.5142 	EXP 	tree2_13: autoDraw = True
29.5142 	EXP 	tree3_13: autoDraw = True
29.5142 	EXP 	tree3_13: autoDraw = False
29.5142 	EXP 	tree4_13: autoDraw = True
29.5142 	EXP 	tree4_13: autoDraw = False
29.5142 	EXP 	circle6: autoDraw = True
29.5142 	EXP 	wait: autoDraw = True
29.5142 	EXP 	wait: autoDraw = False
29.5142 	EXP 	forward_3: autoDraw = True
29.6228 	DATA 	Mouse:  Left button up, pos=(998,314)
30.5356 	EXP 	tree1_13: autoDraw = False
30.5356 	EXP 	tree2_13: autoDraw = False
30.5356 	EXP 	tree3_13: autoDraw = False
30.5356 	EXP 	tree4_13: autoDraw = False
30.5356 	EXP 	circle6: autoDraw = False
30.5356 	EXP 	wait: autoDraw = False
30.5356 	EXP 	forward_3: autoDraw = False
30.5356 	EXP 	tree1_5: pos = array([-0.5, -0.6])
30.5356 	EXP 	tree2_5: pos = array([ 0.5, -0.2])
30.5356 	EXP 	tree3_5: pos = array([-0.5,  0.2])
30.5356 	EXP 	tree4_5: pos = array([0.5, 0.6])
30.5356 	EXP 	reward_3: text = 6.9
30.5356 	EXP 	tree1_5: autoDraw = True
30.5356 	EXP 	tree1_5: autoDraw = False
30.5356 	EXP 	tree2_5: autoDraw = True
30.5356 	EXP 	tree3_5: autoDraw = True
30.5356 	EXP 	tree3_5: autoDraw = False
30.5356 	EXP 	tree4_5: autoDraw = True
30.5356 	EXP 	tree4_5: autoDraw = False
30.5356 	EXP 	circle_5: autoDraw = True
30.5356 	EXP 	reward_3: autoDraw = True
30.5356 	EXP 	reward_3: autoDraw = False
30.5356 	EXP 	forward_7: autoDraw = True
30.5356 	EXP 	skipsq_2: autoDraw = True
30.5356 	EXP 	gcircle_5: autoDraw = True
31.9587 	DATA 	Mouse: Left button down, pos=(483,304)
32.0345 	EXP 	tree1_5: autoDraw = False
32.0345 	EXP 	tree2_5: autoDraw = False
32.0345 	EXP 	tree3_5: autoDraw = False
32.0345 	EXP 	tree4_5: autoDraw = False
32.0345 	EXP 	circle_5: autoDraw = False
32.0345 	EXP 	reward_3: autoDraw = False
32.0345 	EXP 	forward_7: autoDraw = False
32.0345 	EXP 	skipsq_2: autoDraw = False
32.0345 	EXP 	gcircle_5: autoDraw = False
32.0345 	EXP 	tree1_21: pos = array([-0.5, -0.6])
32.0345 	EXP 	tree2_21: pos = array([ 0.5, -0.2])
32.0345 	EXP 	tree3_21: pos = array([-0.5,  0.2])
32.0345 	EXP 	tree4_21: pos = array([0.5, 0.6])
32.0345 	EXP 	reward_9: text = 6.9
32.0345 	EXP 	tree1_21: autoDraw = True
32.0345 	EXP 	tree1_21: autoDraw = False
32.0345 	EXP 	tree2_21: autoDraw = True
32.0345 	EXP 	tree3_21: autoDraw = True
32.0345 	EXP 	tree3_21: autoDraw = False
32.0345 	EXP 	tree4_21: autoDraw = True
32.0345 	EXP 	tree4_21: autoDraw = False
32.0345 	EXP 	circle_6: autoDraw = True
32.0345 	EXP 	reward_9: autoDraw = True
32.0345 	EXP 	forward_15: autoDraw = True
32.1430 	DATA 	Mouse:  Left button up, pos=(483,304)
33.0865 	EXP 	Imported pos.xlsx as conditions, 41 conditions, 2 params
33.4733 	EXP 	window1: mouseVisible = True
